[dotenv@17.2.3] injecting env (1) from .env -- tip: ⚙️  enable debug logging with { debug: true }
✅ Route tracking initialized
  [ROUTE 1] GET /sessies/:id/stream
  [ROUTE 2] POST /notify-session-update
  [ROUTE 3] GET /ping
  [ROUTE 4] GET /list-routes-now
DB already has tables (count=15), skipping migration.
Database ready ✅
  [ROUTE 5] POST /register
  [ROUTE 6] POST /login
  [ROUTE 7] GET /me
  [ROUTE 8] POST /open-ebook
  [ROUTE 9] GET /my-current-ebook
  [ROUTE 10] GET /dashboard-data
  [ROUTE 11] POST /create-klas
  [ROUTE 12] GET /search
  [ROUTE 13] GET /klas/:id
  [ROUTE 14] POST /delete-klas
  [ROUTE 15] POST /vragenlijst
  [ROUTE 16] PUT /vragenlijst/:id
  [ROUTE 17] DELETE /vragenlijst/:id
Registering GET /vragenlijst/:id
  [ROUTE 18] GET /vragenlijst/:id
  [ROUTE 19] GET /routes
  [ROUTE 20] GET /who
  [ROUTE 21] POST /vragenlijst/:id/vraag
  [ROUTE 22] PUT /vragen/:id
  [ROUTE 23] DELETE /vragen/:id
  [ROUTE 24] POST /sessies
  [ROUTE 25] GET /start-sessie
  [ROUTE 26] POST /delete-leerlingen
Registering session routes: /sessies/:id, /sessies/:id/scoreboard, /sessies/:id/recent-answers, /sessies/:id/send_question
  [ROUTE 27] GET /sessies/:id
  [ROUTE 28] GET /_test_sessies
  [ROUTE 29] GET /sessies/:id/scoreboard
  [ROUTE 30] GET /sessies/:id/recent-answers
  [ROUTE 31] POST /sessies/:id/send_question
  [ROUTE 32] POST /sessies/:id/clear_question
  [ROUTE 33] POST /grade-answer
  [ROUTE 34] DELETE /sessies/:id/leerling/:lid
  [ROUTE 35] GET /sessies/:id/export
  [ROUTE 36] GET /sessies/:id/answer_count
  [ROUTE 37] POST /leerling/join
  [ROUTE 38] GET /student/state
  [ROUTE 39] POST /sessies/:id/answer
  [ROUTE 40] POST /status-update
Registered routes: app._router is not defined yet
✅ API running on port 3000
📋 Available routes (after listen):
  [app._router not initialized]
Delayed route list: app._router is not defined
  [ROUTE 41] GET env
  [ROUTE 42] GET query parser fn
  [ROUTE 43] GET env
  [ROUTE 44] GET query parser fn
  [ROUTE 45] GET env
PING INFO { ok: true, pid: 5852, has_router: false }
  [ROUTE 46] GET json escape
  [ROUTE 47] GET json replacer
  [ROUTE 48] GET json spaces
  [ROUTE 49] GET etag fn
  [ROUTE 50] GET env
  [ROUTE 51] GET env
  [ROUTE 52] GET env
  [ROUTE 53] GET query parser fn
  [ROUTE 54] GET env
  [ROUTE 55] GET env
  [ROUTE 56] GET query parser fn
  [ROUTE 57] GET json escape
  [ROUTE 58] GET json replacer
  [ROUTE 59] GET json spaces
  [ROUTE 60] GET etag fn
  [ROUTE 61] GET env
  [ROUTE 62] GET query parser fn
  [ROUTE 63] GET json escape
  [ROUTE 64] GET json replacer
  [ROUTE 65] GET json spaces
  [ROUTE 66] GET etag fn
  [ROUTE 67] GET env
  [ROUTE 68] GET query parser fn
  [ROUTE 69] GET json escape
  [ROUTE 70] GET json replacer
  [ROUTE 71] GET json spaces
  [ROUTE 72] GET etag fn
  [ROUTE 73] GET env
  [ROUTE 74] GET query parser fn
  [ROUTE 75] GET json escape
  [ROUTE 76] GET json replacer
  [ROUTE 77] GET json spaces
  [ROUTE 78] GET etag fn
  [ROUTE 79] GET env
  [ROUTE 80] GET json escape
  [ROUTE 81] GET json replacer
  [ROUTE 82] GET json spaces
  [ROUTE 83] GET etag fn
  [ROUTE 84] GET env
  [ROUTE 85] GET env
  [ROUTE 86] GET json escape
  [ROUTE 87] GET json replacer
  [ROUTE 88] GET json spaces
  [ROUTE 89] GET etag fn
  [ROUTE 90] GET json escape
  [ROUTE 91] GET json replacer
  [ROUTE 92] GET json spaces
  [ROUTE 93] GET etag fn
  [ROUTE 94] GET env
  [ROUTE 95] GET env
  [ROUTE 96] GET json escape
  [ROUTE 97] GET json replacer
  [ROUTE 98] GET json spaces
  [ROUTE 99] GET etag fn
  [ROUTE 100] GET json escape
  [ROUTE 101] GET json replacer
  [ROUTE 102] GET json spaces
  [ROUTE 103] GET etag fn
  [ROUTE 104] GET env
  [ROUTE 105] GET env
  [ROUTE 106] GET env
  [ROUTE 107] GET query parser fn
  [ROUTE 108] GET env
  [ROUTE 109] GET env
  [ROUTE 110] GET query parser fn
  [ROUTE 111] GET json escape
  [ROUTE 112] GET json replacer
  [ROUTE 113] GET json spaces
  [ROUTE 114] GET etag fn
  [ROUTE 115] GET env
  [ROUTE 116] GET query parser fn
  [ROUTE 117] GET json escape
  [ROUTE 118] GET json replacer
  [ROUTE 119] GET json spaces
  [ROUTE 120] GET etag fn
  [ROUTE 121] GET env
  [ROUTE 122] GET query parser fn
  [ROUTE 123] GET json escape
  [ROUTE 124] GET json replacer
  [ROUTE 125] GET json spaces
  [ROUTE 126] GET etag fn
  [ROUTE 127] GET env
  [ROUTE 128] GET env
  [ROUTE 129] GET json escape
  [ROUTE 130] GET json replacer
  [ROUTE 131] GET json spaces
  [ROUTE 132] GET etag fn
  [ROUTE 133] GET env
  [ROUTE 134] GET json escape
  [ROUTE 135] GET json replacer
  [ROUTE 136] GET json spaces
  [ROUTE 137] GET etag fn
  [ROUTE 138] GET json escape
  [ROUTE 139] GET json replacer
  [ROUTE 140] GET json spaces
  [ROUTE 141] GET etag fn
  [ROUTE 142] GET env
  [ROUTE 143] GET env
  [ROUTE 144] GET env
  [ROUTE 145] GET json escape
  [ROUTE 146] GET json replacer
  [ROUTE 147] GET json spaces
  [ROUTE 148] GET etag fn
  [ROUTE 149] GET json escape
  [ROUTE 150] GET json replacer
  [ROUTE 151] GET json spaces
  [ROUTE 152] GET etag fn
  [ROUTE 153] GET env
  [ROUTE 154] GET env
  [ROUTE 155] GET env
  [ROUTE 156] GET json escape
  [ROUTE 157] GET json replacer
  [ROUTE 158] GET json spaces
  [ROUTE 159] GET etag fn
  [ROUTE 160] GET query parser fn
  [ROUTE 161] GET query parser fn
  [ROUTE 162] GET json escape
  [ROUTE 163] GET json replacer
  [ROUTE 164] GET json spaces
  [ROUTE 165] GET etag fn
  [ROUTE 166] GET env
  [ROUTE 167] GET query parser fn
  [ROUTE 168] GET env
  [ROUTE 169] GET env
  [ROUTE 170] GET json escape
  [ROUTE 171] GET json replacer
  [ROUTE 172] GET json spaces
  [ROUTE 173] GET etag fn
  [ROUTE 174] GET json escape
  [ROUTE 175] GET json replacer
  [ROUTE 176] GET json spaces
  [ROUTE 177] GET etag fn
  [ROUTE 178] GET env
  [ROUTE 179] GET env
  [ROUTE 180] GET env
  [ROUTE 181] GET env
  [ROUTE 182] GET query parser fn
  [ROUTE 183] GET env
  [ROUTE 184] GET query parser fn
  [ROUTE 185] GET json escape
  [ROUTE 186] GET json replacer
  [ROUTE 187] GET json spaces
  [ROUTE 188] GET etag fn
  [ROUTE 189] GET env
  [ROUTE 190] GET query parser fn
  [ROUTE 191] GET json escape
  [ROUTE 192] GET json replacer
  [ROUTE 193] GET json spaces
  [ROUTE 194] GET etag fn
  [ROUTE 195] GET env
  [ROUTE 196] GET query parser fn
  [ROUTE 197] GET json escape
  [ROUTE 198] GET json replacer
  [ROUTE 199] GET json spaces
  [ROUTE 200] GET etag fn
  [ROUTE 201] GET env
  [ROUTE 202] GET query parser fn
  [ROUTE 203] GET json escape
  [ROUTE 204] GET json replacer
  [ROUTE 205] GET json spaces
  [ROUTE 206] GET etag fn
  [ROUTE 207] GET env
  [ROUTE 208] GET query parser fn
  [ROUTE 209] GET json escape
  [ROUTE 210] GET json replacer
  [ROUTE 211] GET json spaces
  [ROUTE 212] GET etag fn
  [ROUTE 213] GET env
  [ROUTE 214] GET query parser fn
  [ROUTE 215] GET json escape
  [ROUTE 216] GET json replacer
  [ROUTE 217] GET json spaces
  [ROUTE 218] GET etag fn
  [ROUTE 219] GET env
  [ROUTE 220] GET query parser fn
  [ROUTE 221] GET json escape
  [ROUTE 222] GET json replacer
  [ROUTE 223] GET json spaces
  [ROUTE 224] GET etag fn
  [ROUTE 225] GET env
  [ROUTE 226] GET query parser fn
  [ROUTE 227] GET json escape
  [ROUTE 228] GET json replacer
  [ROUTE 229] GET json spaces
  [ROUTE 230] GET etag fn
  [ROUTE 231] GET env
  [ROUTE 232] GET query parser fn
  [ROUTE 233] GET json escape
  [ROUTE 234] GET json replacer
  [ROUTE 235] GET json spaces
  [ROUTE 236] GET etag fn
  [ROUTE 237] GET env
  [ROUTE 238] GET query parser fn
  [ROUTE 239] GET json escape
  [ROUTE 240] GET json replacer
  [ROUTE 241] GET json spaces
  [ROUTE 242] GET etag fn
  [ROUTE 243] GET env
  [ROUTE 244] GET query parser fn
  [ROUTE 245] GET json escape
  [ROUTE 246] GET json replacer
  [ROUTE 247] GET json spaces
  [ROUTE 248] GET etag fn
  [ROUTE 249] GET env
  [ROUTE 250] GET query parser fn
  [ROUTE 251] GET json escape
  [ROUTE 252] GET json replacer
  [ROUTE 253] GET json spaces
  [ROUTE 254] GET etag fn
  [ROUTE 255] GET env
  [ROUTE 256] GET query parser fn
  [ROUTE 257] GET json escape
  [ROUTE 258] GET json replacer
  [ROUTE 259] GET json spaces
  [ROUTE 260] GET etag fn
  [ROUTE 261] GET env
  [ROUTE 262] GET query parser fn
  [ROUTE 263] GET json escape
  [ROUTE 264] GET json replacer
  [ROUTE 265] GET json spaces
  [ROUTE 266] GET etag fn
  [ROUTE 267] GET env
  [ROUTE 268] GET query parser fn
  [ROUTE 269] GET json escape
  [ROUTE 270] GET json replacer
  [ROUTE 271] GET json spaces
  [ROUTE 272] GET etag fn
  [ROUTE 273] GET env
  [ROUTE 274] GET query parser fn
  [ROUTE 275] GET json escape
  [ROUTE 276] GET json replacer
  [ROUTE 277] GET json spaces
  [ROUTE 278] GET etag fn
  [ROUTE 279] GET env
  [ROUTE 280] GET query parser fn
  [ROUTE 281] GET json escape
  [ROUTE 282] GET json replacer
  [ROUTE 283] GET json spaces
  [ROUTE 284] GET etag fn
  [ROUTE 285] GET env
  [ROUTE 286] GET query parser fn
  [ROUTE 287] GET json escape
  [ROUTE 288] GET json replacer
  [ROUTE 289] GET json spaces
  [ROUTE 290] GET etag fn
  [ROUTE 291] GET env
  [ROUTE 292] GET query parser fn
  [ROUTE 293] GET json escape
  [ROUTE 294] GET json replacer
  [ROUTE 295] GET json spaces
  [ROUTE 296] GET etag fn
  [ROUTE 297] GET env
  [ROUTE 298] GET query parser fn
  [ROUTE 299] GET json escape
  [ROUTE 300] GET json replacer
  [ROUTE 301] GET json spaces
  [ROUTE 302] GET etag fn
  [ROUTE 303] GET env
  [ROUTE 304] GET env
  [ROUTE 305] GET env
  [ROUTE 306] GET env
  [ROUTE 307] GET query parser fn
  [ROUTE 308] GET env
  [ROUTE 309] GET env
  [ROUTE 310] GET env
  [ROUTE 311] GET env
  [ROUTE 312] GET query parser fn
  [ROUTE 313] GET env
  [ROUTE 314] GET query parser fn
  [ROUTE 315] GET json escape
  [ROUTE 316] GET json replacer
  [ROUTE 317] GET json spaces
  [ROUTE 318] GET etag fn
  [ROUTE 319] GET env
  [ROUTE 320] GET query parser fn
  [ROUTE 321] GET json escape
  [ROUTE 322] GET json replacer
  [ROUTE 323] GET json spaces
  [ROUTE 324] GET etag fn
  [ROUTE 325] GET env
  [ROUTE 326] GET query parser fn
  [ROUTE 327] GET json escape
  [ROUTE 328] GET json replacer
  [ROUTE 329] GET json spaces
  [ROUTE 330] GET etag fn
  [ROUTE 331] GET env
  [ROUTE 332] GET query parser fn
  [ROUTE 333] GET json escape
  [ROUTE 334] GET json replacer
  [ROUTE 335] GET json spaces
  [ROUTE 336] GET etag fn
  [ROUTE 337] GET env
  [ROUTE 338] GET query parser fn
  [ROUTE 339] GET json escape
  [ROUTE 340] GET json replacer
  [ROUTE 341] GET json spaces
  [ROUTE 342] GET etag fn
  [ROUTE 343] GET env
  [ROUTE 344] GET query parser fn
  [ROUTE 345] GET json escape
  [ROUTE 346] GET json replacer
  [ROUTE 347] GET json spaces
  [ROUTE 348] GET etag fn
  [ROUTE 349] GET env
  [ROUTE 350] GET query parser fn
  [ROUTE 351] GET json escape
  [ROUTE 352] GET json replacer
  [ROUTE 353] GET json spaces
  [ROUTE 354] GET etag fn
  [ROUTE 355] GET env
  [ROUTE 356] GET query parser fn
  [ROUTE 357] GET json escape
  [ROUTE 358] GET json replacer
  [ROUTE 359] GET json spaces
  [ROUTE 360] GET etag fn
  [ROUTE 361] GET env
  [ROUTE 362] GET query parser fn
  [ROUTE 363] GET json escape
  [ROUTE 364] GET json replacer
  [ROUTE 365] GET json spaces
  [ROUTE 366] GET etag fn
  [ROUTE 367] GET env
  [ROUTE 368] GET query parser fn
  [ROUTE 369] GET json escape
  [ROUTE 370] GET json replacer
  [ROUTE 371] GET json spaces
  [ROUTE 372] GET etag fn
  [ROUTE 373] GET env
  [ROUTE 374] GET query parser fn
  [ROUTE 375] GET json escape
  [ROUTE 376] GET json replacer
  [ROUTE 377] GET json spaces
  [ROUTE 378] GET etag fn
  [ROUTE 379] GET env
  [ROUTE 380] GET query parser fn
  [ROUTE 381] GET json escape
  [ROUTE 382] GET json replacer
  [ROUTE 383] GET json spaces
  [ROUTE 384] GET etag fn
  [ROUTE 385] GET env
  [ROUTE 386] GET query parser fn
  [ROUTE 387] GET json escape
  [ROUTE 388] GET json replacer
  [ROUTE 389] GET json spaces
  [ROUTE 390] GET etag fn
  [ROUTE 391] GET env
  [ROUTE 392] GET query parser fn
  [ROUTE 393] GET json escape
  [ROUTE 394] GET json replacer
  [ROUTE 395] GET json spaces
  [ROUTE 396] GET etag fn
  [ROUTE 397] GET env
  [ROUTE 398] GET query parser fn
  [ROUTE 399] GET json escape
  [ROUTE 400] GET json replacer
  [ROUTE 401] GET json spaces
  [ROUTE 402] GET etag fn
  [ROUTE 403] GET env
  [ROUTE 404] GET query parser fn
  [ROUTE 405] GET json escape
  [ROUTE 406] GET json replacer
  [ROUTE 407] GET json spaces
  [ROUTE 408] GET etag fn
  [ROUTE 409] GET env
  [ROUTE 410] GET query parser fn
  [ROUTE 411] GET json escape
  [ROUTE 412] GET json replacer
  [ROUTE 413] GET json spaces
  [ROUTE 414] GET etag fn
  [ROUTE 415] GET env
  [ROUTE 416] GET query parser fn
  [ROUTE 417] GET json escape
  [ROUTE 418] GET json replacer
  [ROUTE 419] GET json spaces
  [ROUTE 420] GET etag fn
  [ROUTE 421] GET env
  [ROUTE 422] GET query parser fn
  [ROUTE 423] GET json escape
  [ROUTE 424] GET json replacer
  [ROUTE 425] GET json spaces
  [ROUTE 426] GET etag fn
  [ROUTE 427] GET env
  [ROUTE 428] GET query parser fn
  [ROUTE 429] GET json escape
  [ROUTE 430] GET json replacer
  [ROUTE 431] GET json spaces
  [ROUTE 432] GET etag fn
  [ROUTE 433] GET env
  [ROUTE 434] GET json escape
  [ROUTE 435] GET json replacer
  [ROUTE 436] GET json spaces
  [ROUTE 437] GET etag fn
  [ROUTE 438] GET env
  [ROUTE 439] GET json escape
  [ROUTE 440] GET json replacer
  [ROUTE 441] GET json spaces
  [ROUTE 442] GET etag fn
  [ROUTE 443] GET env
  [ROUTE 444] GET json escape
  [ROUTE 445] GET json replacer
  [ROUTE 446] GET json spaces
  [ROUTE 447] GET etag fn
  [ROUTE 448] GET env
  [ROUTE 449] GET json escape
  [ROUTE 450] GET json replacer
  [ROUTE 451] GET json spaces
  [ROUTE 452] GET etag fn
  [ROUTE 453] GET env
  [ROUTE 454] GET query parser fn
  [ROUTE 455] GET query parser fn
  [ROUTE 456] GET json escape
  [ROUTE 457] GET json replacer
  [ROUTE 458] GET json spaces
  [ROUTE 459] GET etag fn
  [ROUTE 460] GET env
  [ROUTE 461] GET env
  [ROUTE 462] GET json escape
  [ROUTE 463] GET json replacer
  [ROUTE 464] GET json spaces
  [ROUTE 465] GET etag fn
  [ROUTE 466] GET json escape
  [ROUTE 467] GET json replacer
  [ROUTE 468] GET json spaces
  [ROUTE 469] GET etag fn
  [ROUTE 470] GET env
  [ROUTE 471] GET query parser fn
  [ROUTE 472] GET json escape
  [ROUTE 473] GET json replacer
  [ROUTE 474] GET json spaces
  [ROUTE 475] GET etag fn
  [ROUTE 476] GET env
  [ROUTE 477] GET query parser fn
  [ROUTE 478] GET json escape
  [ROUTE 479] GET json replacer
  [ROUTE 480] GET json spaces
  [ROUTE 481] GET etag fn
  [ROUTE 482] GET env
  [ROUTE 483] GET query parser fn
  [ROUTE 484] GET json escape
  [ROUTE 485] GET json replacer
  [ROUTE 486] GET json spaces
  [ROUTE 487] GET etag fn
  [ROUTE 488] GET env
  [ROUTE 489] GET env
  [ROUTE 490] GET env
  [ROUTE 491] GET query parser fn
  [ROUTE 492] GET env
  [ROUTE 493] GET env
  [ROUTE 494] GET env
  [ROUTE 495] GET query parser fn
  [ROUTE 496] GET env
  [ROUTE 497] GET env
  [ROUTE 498] GET env
  [ROUTE 499] GET query parser fn
  [ROUTE 500] GET env
  [ROUTE 501] GET env
  [ROUTE 502] GET env
  [ROUTE 503] GET env
  [ROUTE 504] GET query parser fn
  [ROUTE 505] GET env
  [ROUTE 506] GET env
  [ROUTE 507] GET env
  [ROUTE 508] GET env
  [ROUTE 509] GET query parser fn
  [ROUTE 510] GET env
  [ROUTE 511] GET env
  [ROUTE 512] GET env
  [ROUTE 513] GET json escape
  [ROUTE 514] GET json replacer
  [ROUTE 515] GET json spaces
  [ROUTE 516] GET etag fn
  [ROUTE 517] GET env
  [ROUTE 518] GET env
  [ROUTE 519] GET json escape
  [ROUTE 520] GET json replacer
  [ROUTE 521] GET json spaces
  [ROUTE 522] GET etag fn
  [ROUTE 523] GET json escape
  [ROUTE 524] GET json replacer
  [ROUTE 525] GET json spaces
  [ROUTE 526] GET etag fn
  [ROUTE 527] GET env
  [ROUTE 528] GET env
  [ROUTE 529] GET env
  [ROUTE 530] GET json escape
  [ROUTE 531] GET json replacer
  [ROUTE 532] GET json spaces
  [ROUTE 533] GET etag fn
  [ROUTE 534] GET json escape
  [ROUTE 535] GET json replacer
  [ROUTE 536] GET json spaces
  [ROUTE 537] GET etag fn
  [ROUTE 538] GET env
  [ROUTE 539] GET env
  [ROUTE 540] GET env
  [ROUTE 541] GET query parser fn
  [ROUTE 542] GET query parser fn
  [ROUTE 543] GET json escape
  [ROUTE 544] GET json replacer
  [ROUTE 545] GET json spaces
  [ROUTE 546] GET etag fn
  [ROUTE 547] GET json escape
  [ROUTE 548] GET json replacer
  [ROUTE 549] GET json spaces
  [ROUTE 550] GET etag fn
  [ROUTE 551] GET env
  [ROUTE 552] GET query parser fn
  [ROUTE 553] GET env
  [ROUTE 554] GET env
  [ROUTE 555] GET env
  [ROUTE 556] GET json escape
  [ROUTE 557] GET json replacer
  [ROUTE 558] GET json spaces
  [ROUTE 559] GET etag fn
  [ROUTE 560] GET json escape
  [ROUTE 561] GET json replacer
  [ROUTE 562] GET json spaces
  [ROUTE 563] GET etag fn
  [ROUTE 564] GET env
  [ROUTE 565] GET env
  [ROUTE 566] GET env
  [ROUTE 567] GET json escape
  [ROUTE 568] GET json replacer
  [ROUTE 569] GET json spaces
  [ROUTE 570] GET etag fn
  [ROUTE 571] GET query parser fn
  [ROUTE 572] GET query parser fn
  [ROUTE 573] GET json escape
  [ROUTE 574] GET json replacer
  [ROUTE 575] GET json spaces
  [ROUTE 576] GET etag fn
  [ROUTE 577] GET env
  [ROUTE 578] GET env
  [ROUTE 579] GET query parser fn
  [ROUTE 580] GET env
  [ROUTE 581] GET env
  [ROUTE 582] GET env
  [ROUTE 583] GET query parser fn
  [ROUTE 584] GET env
  [ROUTE 585] GET env
  [ROUTE 586] GET env
  [ROUTE 587] GET query parser fn
  [ROUTE 588] GET env
  [ROUTE 589] GET env
  [ROUTE 590] GET env
POST /leerling/join called
  [ROUTE 591] GET json escape
  [ROUTE 592] GET json replacer
  [ROUTE 593] GET json spaces
  [ROUTE 594] GET etag fn
  [ROUTE 595] GET env
  [ROUTE 596] GET env
  [ROUTE 597] GET env
  [ROUTE 598] GET query parser fn
  [ROUTE 599] GET query parser fn
  [ROUTE 600] GET json escape
  [ROUTE 601] GET json replacer
  [ROUTE 602] GET json spaces
  [ROUTE 603] GET etag fn
  [ROUTE 604] GET json escape
  [ROUTE 605] GET json replacer
  [ROUTE 606] GET json spaces
  [ROUTE 607] GET etag fn
  [ROUTE 608] GET json escape
  [ROUTE 609] GET json replacer
  [ROUTE 610] GET json spaces
  [ROUTE 611] GET etag fn
  [ROUTE 612] GET env
  [ROUTE 613] GET query parser fn
  [ROUTE 614] GET env
  [ROUTE 615] GET env
  [ROUTE 616] GET json escape
  [ROUTE 617] GET json replacer
  [ROUTE 618] GET json spaces
  [ROUTE 619] GET etag fn
  [ROUTE 620] GET json escape
  [ROUTE 621] GET json replacer
  [ROUTE 622] GET json spaces
  [ROUTE 623] GET etag fn
  [ROUTE 624] GET env
  [ROUTE 625] GET query parser fn
  [ROUTE 626] GET json escape
  [ROUTE 627] GET json replacer
  [ROUTE 628] GET json spaces
  [ROUTE 629] GET etag fn
  [ROUTE 630] GET env
  [ROUTE 631] GET query parser fn
  [ROUTE 632] GET json escape
  [ROUTE 633] GET json replacer
  [ROUTE 634] GET json spaces
  [ROUTE 635] GET etag fn
  [ROUTE 636] GET env
  [ROUTE 637] GET query parser fn
  [ROUTE 638] GET json escape
  [ROUTE 639] GET json replacer
  [ROUTE 640] GET json spaces
  [ROUTE 641] GET etag fn
  [ROUTE 642] GET env
  [ROUTE 643] GET env
  [ROUTE 644] GET env
  [ROUTE 645] GET json escape
  [ROUTE 646] GET json replacer
  [ROUTE 647] GET json spaces
  [ROUTE 648] GET etag fn
  [ROUTE 649] GET json escape
  [ROUTE 650] GET json replacer
  [ROUTE 651] GET json spaces
  [ROUTE 652] GET etag fn
  [ROUTE 653] GET json escape
  [ROUTE 654] GET json replacer
  [ROUTE 655] GET json spaces
  [ROUTE 656] GET etag fn
  [ROUTE 657] GET env
  [ROUTE 658] GET env
  [ROUTE 659] GET json escape
  [ROUTE 660] GET json replacer
  [ROUTE 661] GET json spaces
  [ROUTE 662] GET etag fn
  [ROUTE 663] GET json escape
  [ROUTE 664] GET json replacer
  [ROUTE 665] GET json spaces
  [ROUTE 666] GET etag fn
  [ROUTE 667] GET env
  [ROUTE 668] GET json escape
  [ROUTE 669] GET json replacer
  [ROUTE 670] GET json spaces
  [ROUTE 671] GET etag fn
  [ROUTE 672] GET env
  [ROUTE 673] GET env
  [ROUTE 674] GET env
  [ROUTE 675] GET query parser fn
  [ROUTE 676] GET env
  [ROUTE 677] GET query parser fn
  [ROUTE 678] GET json escape
  [ROUTE 679] GET json replacer
  [ROUTE 680] GET json spaces
  [ROUTE 681] GET etag fn
  [ROUTE 682] GET env
  [ROUTE 683] GET query parser fn
  [ROUTE 684] GET json escape
  [ROUTE 685] GET json replacer
  [ROUTE 686] GET json spaces
  [ROUTE 687] GET etag fn
  [ROUTE 688] GET env
  [ROUTE 689] GET query parser fn
  [ROUTE 690] GET json escape
  [ROUTE 691] GET json replacer
  [ROUTE 692] GET json spaces
  [ROUTE 693] GET etag fn
  [ROUTE 694] GET env
  [ROUTE 695] GET query parser fn
  [ROUTE 696] GET json escape
  [ROUTE 697] GET json replacer
  [ROUTE 698] GET json spaces
  [ROUTE 699] GET etag fn
  [ROUTE 700] GET env
  [ROUTE 701] GET query parser fn
  [ROUTE 702] GET json escape
  [ROUTE 703] GET json replacer
  [ROUTE 704] GET json spaces
  [ROUTE 705] GET etag fn
  [ROUTE 706] GET env
  [ROUTE 707] GET query parser fn
  [ROUTE 708] GET json escape
  [ROUTE 709] GET json replacer
  [ROUTE 710] GET json spaces
  [ROUTE 711] GET etag fn
  [ROUTE 712] GET env
  [ROUTE 713] GET query parser fn
  [ROUTE 714] GET json escape
  [ROUTE 715] GET json replacer
  [ROUTE 716] GET json spaces
  [ROUTE 717] GET etag fn
  [ROUTE 718] GET env
  [ROUTE 719] GET query parser fn
  [ROUTE 720] GET json escape
  [ROUTE 721] GET json replacer
  [ROUTE 722] GET json spaces
  [ROUTE 723] GET etag fn
  [ROUTE 724] GET env
  [ROUTE 725] GET query parser fn
  [ROUTE 726] GET json escape
  [ROUTE 727] GET json replacer
  [ROUTE 728] GET json spaces
  [ROUTE 729] GET etag fn
  [ROUTE 730] GET env
  [ROUTE 731] GET query parser fn
  [ROUTE 732] GET json escape
  [ROUTE 733] GET json replacer
  [ROUTE 734] GET json spaces
  [ROUTE 735] GET etag fn
  [ROUTE 736] GET env
  [ROUTE 737] GET query parser fn
  [ROUTE 738] GET json escape
  [ROUTE 739] GET json replacer
  [ROUTE 740] GET json spaces
  [ROUTE 741] GET etag fn
  [ROUTE 742] GET env
  [ROUTE 743] GET query parser fn
  [ROUTE 744] GET json escape
  [ROUTE 745] GET json replacer
  [ROUTE 746] GET json spaces
  [ROUTE 747] GET etag fn
  [ROUTE 748] GET env
  [ROUTE 749] GET query parser fn
  [ROUTE 750] GET json escape
  [ROUTE 751] GET json replacer
  [ROUTE 752] GET json spaces
  [ROUTE 753] GET etag fn
  [ROUTE 754] GET env
  [ROUTE 755] GET query parser fn
  [ROUTE 756] GET json escape
  [ROUTE 757] GET json replacer
  [ROUTE 758] GET json spaces
  [ROUTE 759] GET etag fn
  [ROUTE 760] GET env
  [ROUTE 761] GET query parser fn
  [ROUTE 762] GET json escape
  [ROUTE 763] GET json replacer
  [ROUTE 764] GET json spaces
  [ROUTE 765] GET etag fn
  [ROUTE 766] GET env
  [ROUTE 767] GET query parser fn
  [ROUTE 768] GET json escape
  [ROUTE 769] GET json replacer
  [ROUTE 770] GET json spaces
  [ROUTE 771] GET etag fn
  [ROUTE 772] GET env
  [ROUTE 773] GET query parser fn
  [ROUTE 774] GET json escape
  [ROUTE 775] GET json replacer
  [ROUTE 776] GET json spaces
  [ROUTE 777] GET etag fn
  [ROUTE 778] GET env
  [ROUTE 779] GET query parser fn
  [ROUTE 780] GET json escape
  [ROUTE 781] GET json replacer
  [ROUTE 782] GET json spaces
  [ROUTE 783] GET etag fn
  [ROUTE 784] GET env
  [ROUTE 785] GET query parser fn
  [ROUTE 786] GET json escape
  [ROUTE 787] GET json replacer
  [ROUTE 788] GET json spaces
  [ROUTE 789] GET etag fn
  [ROUTE 790] GET env
  [ROUTE 791] GET query parser fn
  [ROUTE 792] GET json escape
  [ROUTE 793] GET json replacer
  [ROUTE 794] GET json spaces
  [ROUTE 795] GET etag fn
  [ROUTE 796] GET env
  [ROUTE 797] GET query parser fn
  [ROUTE 798] GET json escape
  [ROUTE 799] GET json replacer
  [ROUTE 800] GET json spaces
  [ROUTE 801] GET etag fn
  [ROUTE 802] GET env
  [ROUTE 803] GET query parser fn
  [ROUTE 804] GET json escape
  [ROUTE 805] GET json replacer
  [ROUTE 806] GET json spaces
  [ROUTE 807] GET etag fn
  [ROUTE 808] GET env
  [ROUTE 809] GET query parser fn
  [ROUTE 810] GET json escape
  [ROUTE 811] GET json replacer
  [ROUTE 812] GET json spaces
  [ROUTE 813] GET etag fn
  [ROUTE 814] GET env
  [ROUTE 815] GET query parser fn
  [ROUTE 816] GET json escape
  [ROUTE 817] GET json replacer
  [ROUTE 818] GET json spaces
  [ROUTE 819] GET etag fn
  [ROUTE 820] GET env
  [ROUTE 821] GET query parser fn
  [ROUTE 822] GET json escape
  [ROUTE 823] GET json replacer
  [ROUTE 824] GET json spaces
  [ROUTE 825] GET etag fn
  [ROUTE 826] GET env
  [ROUTE 827] GET query parser fn
  [ROUTE 828] GET json escape
  [ROUTE 829] GET json replacer
  [ROUTE 830] GET json spaces
  [ROUTE 831] GET etag fn
  [ROUTE 832] GET env
  [ROUTE 833] GET query parser fn
  [ROUTE 834] GET json escape
  [ROUTE 835] GET json replacer
  [ROUTE 836] GET json spaces
  [ROUTE 837] GET etag fn
  [ROUTE 838] GET env
  [ROUTE 839] GET query parser fn
  [ROUTE 840] GET json escape
  [ROUTE 841] GET json replacer
  [ROUTE 842] GET json spaces
  [ROUTE 843] GET etag fn
  [ROUTE 844] GET env
  [ROUTE 845] GET query parser fn
  [ROUTE 846] GET json escape
  [ROUTE 847] GET json replacer
  [ROUTE 848] GET json spaces
  [ROUTE 849] GET etag fn
  [ROUTE 850] GET env
  [ROUTE 851] GET query parser fn
  [ROUTE 852] GET json escape
  [ROUTE 853] GET json replacer
  [ROUTE 854] GET json spaces
  [ROUTE 855] GET etag fn
  [ROUTE 856] GET env
  [ROUTE 857] GET query parser fn
  [ROUTE 858] GET json escape
  [ROUTE 859] GET json replacer
  [ROUTE 860] GET json spaces
  [ROUTE 861] GET etag fn
  [ROUTE 862] GET env
  [ROUTE 863] GET query parser fn
  [ROUTE 864] GET json escape
  [ROUTE 865] GET json replacer
  [ROUTE 866] GET json spaces
  [ROUTE 867] GET etag fn
  [ROUTE 868] GET env
  [ROUTE 869] GET query parser fn
  [ROUTE 870] GET json escape
  [ROUTE 871] GET json replacer
  [ROUTE 872] GET json spaces
  [ROUTE 873] GET etag fn
  [ROUTE 874] GET env
  [ROUTE 875] GET query parser fn
  [ROUTE 876] GET json escape
  [ROUTE 877] GET json replacer
  [ROUTE 878] GET json spaces
  [ROUTE 879] GET etag fn
  [ROUTE 880] GET env
  [ROUTE 881] GET query parser fn
  [ROUTE 882] GET json escape
  [ROUTE 883] GET json replacer
  [ROUTE 884] GET json spaces
  [ROUTE 885] GET etag fn
  [ROUTE 886] GET env
  [ROUTE 887] GET query parser fn
  [ROUTE 888] GET json escape
  [ROUTE 889] GET json replacer
  [ROUTE 890] GET json spaces
  [ROUTE 891] GET etag fn
  [ROUTE 892] GET env
  [ROUTE 893] GET query parser fn
  [ROUTE 894] GET json escape
  [ROUTE 895] GET json replacer
  [ROUTE 896] GET json spaces
  [ROUTE 897] GET etag fn
  [ROUTE 898] GET env
  [ROUTE 899] GET query parser fn
  [ROUTE 900] GET json escape
  [ROUTE 901] GET json replacer
  [ROUTE 902] GET json spaces
  [ROUTE 903] GET etag fn
  [ROUTE 904] GET env
  [ROUTE 905] GET query parser fn
  [ROUTE 906] GET json escape
  [ROUTE 907] GET json replacer
  [ROUTE 908] GET json spaces
  [ROUTE 909] GET etag fn
  [ROUTE 910] GET env
  [ROUTE 911] GET query parser fn
  [ROUTE 912] GET json escape
  [ROUTE 913] GET json replacer
  [ROUTE 914] GET json spaces
  [ROUTE 915] GET etag fn
  [ROUTE 916] GET env
  [ROUTE 917] GET query parser fn
  [ROUTE 918] GET json escape
  [ROUTE 919] GET json replacer
  [ROUTE 920] GET json spaces
  [ROUTE 921] GET etag fn
  [ROUTE 922] GET env
  [ROUTE 923] GET query parser fn
  [ROUTE 924] GET json escape
  [ROUTE 925] GET json replacer
  [ROUTE 926] GET json spaces
  [ROUTE 927] GET etag fn
  [ROUTE 928] GET env
  [ROUTE 929] GET query parser fn
  [ROUTE 930] GET json escape
  [ROUTE 931] GET json replacer
  [ROUTE 932] GET json spaces
  [ROUTE 933] GET etag fn
  [ROUTE 934] GET env
  [ROUTE 935] GET env
  [ROUTE 936] GET env
  [ROUTE 937] GET env
  [ROUTE 938] GET env
  [ROUTE 939] GET env
  [ROUTE 940] GET query parser fn
  [ROUTE 941] GET query parser fn
  [ROUTE 942] GET json escape
  [ROUTE 943] GET json replacer
  [ROUTE 944] GET json spaces
  [ROUTE 945] GET etag fn
  [ROUTE 946] GET json escape
  [ROUTE 947] GET json replacer
  [ROUTE 948] GET json spaces
  [ROUTE 949] GET etag fn
  [ROUTE 950] GET env
  [ROUTE 951] GET env
  [ROUTE 952] GET env
POST /leerling/join called
  [ROUTE 953] GET json escape
  [ROUTE 954] GET json replacer
  [ROUTE 955] GET json spaces
  [ROUTE 956] GET etag fn
  [ROUTE 957] GET env
  [ROUTE 958] GET env
  [ROUTE 959] GET env
  [ROUTE 960] GET query parser fn
  [ROUTE 961] GET query parser fn
  [ROUTE 962] GET json escape
  [ROUTE 963] GET json replacer
  [ROUTE 964] GET json spaces
  [ROUTE 965] GET etag fn
  [ROUTE 966] GET json escape
  [ROUTE 967] GET json replacer
  [ROUTE 968] GET json spaces
  [ROUTE 969] GET etag fn
  [ROUTE 970] GET json escape
  [ROUTE 971] GET json replacer
  [ROUTE 972] GET json spaces
  [ROUTE 973] GET etag fn
  [ROUTE 974] GET env
  [ROUTE 975] GET query parser fn
  [ROUTE 976] GET env
  [ROUTE 977] GET env
  [ROUTE 978] GET json escape
  [ROUTE 979] GET json replacer
  [ROUTE 980] GET json spaces
  [ROUTE 981] GET etag fn
  [ROUTE 982] GET json escape
  [ROUTE 983] GET json replacer
  [ROUTE 984] GET json spaces
  [ROUTE 985] GET etag fn
  [ROUTE 986] GET env
  [ROUTE 987] GET json escape
  [ROUTE 988] GET json replacer
  [ROUTE 989] GET json spaces
  [ROUTE 990] GET etag fn
  [ROUTE 991] GET env
  [ROUTE 992] GET env
  [ROUTE 993] GET json escape
  [ROUTE 994] GET json replacer
  [ROUTE 995] GET json spaces
  [ROUTE 996] GET etag fn
  [ROUTE 997] GET json escape
  [ROUTE 998] GET json replacer
  [ROUTE 999] GET json spaces
  [ROUTE 1000] GET etag fn
  [ROUTE 1001] GET env
  [ROUTE 1002] GET env
  [ROUTE 1003] GET json escape
  [ROUTE 1004] GET json replacer
  [ROUTE 1005] GET json spaces
  [ROUTE 1006] GET etag fn
  [ROUTE 1007] GET json escape
  [ROUTE 1008] GET json replacer
  [ROUTE 1009] GET json spaces
  [ROUTE 1010] GET etag fn
  [ROUTE 1011] GET env
  [ROUTE 1012] GET query parser fn
  [ROUTE 1013] GET json escape
  [ROUTE 1014] GET json replacer
  [ROUTE 1015] GET json spaces
  [ROUTE 1016] GET etag fn
  [ROUTE 1017] GET env
  [ROUTE 1018] GET query parser fn
  [ROUTE 1019] GET json escape
  [ROUTE 1020] GET json replacer
  [ROUTE 1021] GET json spaces
  [ROUTE 1022] GET etag fn
  [ROUTE 1023] GET env
  [ROUTE 1024] GET query parser fn
  [ROUTE 1025] GET json escape
  [ROUTE 1026] GET json replacer
  [ROUTE 1027] GET json spaces
  [ROUTE 1028] GET etag fn
  [ROUTE 1029] GET env
  [ROUTE 1030] GET query parser fn
  [ROUTE 1031] GET json escape
  [ROUTE 1032] GET json replacer
  [ROUTE 1033] GET json spaces
  [ROUTE 1034] GET etag fn
  [ROUTE 1035] GET env
  [ROUTE 1036] GET query parser fn
  [ROUTE 1037] GET json escape
  [ROUTE 1038] GET json replacer
  [ROUTE 1039] GET json spaces
  [ROUTE 1040] GET etag fn
  [ROUTE 1041] GET env
  [ROUTE 1042] GET query parser fn
  [ROUTE 1043] GET json escape
  [ROUTE 1044] GET json replacer
  [ROUTE 1045] GET json spaces
  [ROUTE 1046] GET etag fn
  [ROUTE 1047] GET env
  [ROUTE 1048] GET query parser fn
  [ROUTE 1049] GET json escape
  [ROUTE 1050] GET json replacer
  [ROUTE 1051] GET json spaces
  [ROUTE 1052] GET etag fn
  [ROUTE 1053] GET env
  [ROUTE 1054] GET query parser fn
  [ROUTE 1055] GET json escape
  [ROUTE 1056] GET json replacer
  [ROUTE 1057] GET json spaces
  [ROUTE 1058] GET etag fn
  [ROUTE 1059] GET env
  [ROUTE 1060] GET env
  [ROUTE 1061] GET env
  [ROUTE 1062] GET json escape
  [ROUTE 1063] GET json replacer
  [ROUTE 1064] GET json spaces
  [ROUTE 1065] GET etag fn
  [ROUTE 1066] GET json escape
  [ROUTE 1067] GET json replacer
  [ROUTE 1068] GET json spaces
  [ROUTE 1069] GET etag fn
  [ROUTE 1070] GET json escape
  [ROUTE 1071] GET json replacer
  [ROUTE 1072] GET json spaces
  [ROUTE 1073] GET etag fn
  [ROUTE 1074] GET env
  [ROUTE 1075] GET env
  [ROUTE 1076] GET json escape
  [ROUTE 1077] GET json replacer
  [ROUTE 1078] GET json spaces
  [ROUTE 1079] GET etag fn
  [ROUTE 1080] GET json escape
  [ROUTE 1081] GET json replacer
  [ROUTE 1082] GET json spaces
  [ROUTE 1083] GET etag fn
  [ROUTE 1084] GET env
  [ROUTE 1085] GET env
  [ROUTE 1086] GET env
  [ROUTE 1087] GET json escape
  [ROUTE 1088] GET json replacer
  [ROUTE 1089] GET json spaces
  [ROUTE 1090] GET etag fn
  [ROUTE 1091] GET json escape
  [ROUTE 1092] GET json replacer
  [ROUTE 1093] GET json spaces
  [ROUTE 1094] GET etag fn
  [ROUTE 1095] GET json escape
  [ROUTE 1096] GET json replacer
  [ROUTE 1097] GET json spaces
  [ROUTE 1098] GET etag fn
  [ROUTE 1099] GET env
  [ROUTE 1100] GET env
  [ROUTE 1101] GET json escape
  [ROUTE 1102] GET json replacer
  [ROUTE 1103] GET json spaces
  [ROUTE 1104] GET etag fn
  [ROUTE 1105] GET json escape
  [ROUTE 1106] GET json replacer
  [ROUTE 1107] GET json spaces
  [ROUTE 1108] GET etag fn
  [ROUTE 1109] GET env
  [ROUTE 1110] GET query parser fn
  [ROUTE 1111] GET json escape
  [ROUTE 1112] GET json replacer
  [ROUTE 1113] GET json spaces
  [ROUTE 1114] GET etag fn
  [ROUTE 1115] GET env
  [ROUTE 1116] GET query parser fn
  [ROUTE 1117] GET json escape
  [ROUTE 1118] GET json replacer
  [ROUTE 1119] GET json spaces
  [ROUTE 1120] GET etag fn
  [ROUTE 1121] GET env
  [ROUTE 1122] GET query parser fn
  [ROUTE 1123] GET json escape
  [ROUTE 1124] GET json replacer
  [ROUTE 1125] GET json spaces
  [ROUTE 1126] GET etag fn
  [ROUTE 1127] GET env
  [ROUTE 1128] GET env
  [ROUTE 1129] GET env
  [ROUTE 1130] GET json escape
  [ROUTE 1131] GET json replacer
  [ROUTE 1132] GET json spaces
  [ROUTE 1133] GET etag fn
  [ROUTE 1134] GET json escape
  [ROUTE 1135] GET json replacer
  [ROUTE 1136] GET json spaces
  [ROUTE 1137] GET etag fn
  [ROUTE 1138] GET json escape
  [ROUTE 1139] GET json replacer
  [ROUTE 1140] GET json spaces
  [ROUTE 1141] GET etag fn
  [ROUTE 1142] GET env
  [ROUTE 1143] GET json escape
  [ROUTE 1144] GET json replacer
  [ROUTE 1145] GET json spaces
  [ROUTE 1146] GET etag fn
  [ROUTE 1147] GET env
  [ROUTE 1148] GET query parser fn
  [ROUTE 1149] GET query parser fn
  [ROUTE 1150] GET json escape
  [ROUTE 1151] GET json replacer
  [ROUTE 1152] GET json spaces
  [ROUTE 1153] GET etag fn
  [ROUTE 1154] GET env
  [ROUTE 1155] GET env
  [ROUTE 1156] GET json escape
  [ROUTE 1157] GET json replacer
  [ROUTE 1158] GET json spaces
  [ROUTE 1159] GET etag fn
  [ROUTE 1160] GET json escape
  [ROUTE 1161] GET json replacer
  [ROUTE 1162] GET json spaces
  [ROUTE 1163] GET etag fn
  [ROUTE 1164] GET env
  [ROUTE 1165] GET query parser fn
  [ROUTE 1166] GET json escape
  [ROUTE 1167] GET json replacer
  [ROUTE 1168] GET json spaces
  [ROUTE 1169] GET etag fn
  [ROUTE 1170] GET env
  [ROUTE 1171] GET query parser fn
  [ROUTE 1172] GET json escape
  [ROUTE 1173] GET json replacer
  [ROUTE 1174] GET json spaces
  [ROUTE 1175] GET etag fn
  [ROUTE 1176] GET env
  [ROUTE 1177] GET query parser fn
  [ROUTE 1178] GET json escape
  [ROUTE 1179] GET json replacer
  [ROUTE 1180] GET json spaces
  [ROUTE 1181] GET etag fn
  [ROUTE 1182] GET env
  [ROUTE 1183] GET env
  [ROUTE 1184] GET env
  [ROUTE 1185] GET json escape
  [ROUTE 1186] GET json replacer
  [ROUTE 1187] GET json spaces
  [ROUTE 1188] GET etag fn
  [ROUTE 1189] GET json escape
  [ROUTE 1190] GET json replacer
  [ROUTE 1191] GET json spaces
  [ROUTE 1192] GET etag fn
  [ROUTE 1193] GET json escape
  [ROUTE 1194] GET json replacer
  [ROUTE 1195] GET json spaces
  [ROUTE 1196] GET etag fn
  [ROUTE 1197] GET env
  [ROUTE 1198] GET env
  [ROUTE 1199] GET env
  [ROUTE 1200] GET json escape
  [ROUTE 1201] GET json replacer
  [ROUTE 1202] GET json spaces
  [ROUTE 1203] GET etag fn
  [ROUTE 1204] GET json escape
  [ROUTE 1205] GET json replacer
  [ROUTE 1206] GET json spaces
  [ROUTE 1207] GET etag fn
  [ROUTE 1208] GET env
  [ROUTE 1209] GET env
  [ROUTE 1210] GET env
  [ROUTE 1211] GET json escape
  [ROUTE 1212] GET json replacer
  [ROUTE 1213] GET json spaces
  [ROUTE 1214] GET etag fn
  [ROUTE 1215] GET query parser fn
  [ROUTE 1216] GET query parser fn
  [ROUTE 1217] GET json escape
  [ROUTE 1218] GET json replacer
  [ROUTE 1219] GET json spaces
  [ROUTE 1220] GET etag fn
  [ROUTE 1221] GET env
  [ROUTE 1222] GET query parser fn
  [ROUTE 1223] GET env
  [ROUTE 1224] GET env
  [ROUTE 1225] GET env
  [ROUTE 1226] GET json escape
  [ROUTE 1227] GET json replacer
  [ROUTE 1228] GET json spaces
  [ROUTE 1229] GET etag fn
  [ROUTE 1230] GET json escape
  [ROUTE 1231] GET json replacer
  [ROUTE 1232] GET json spaces
  [ROUTE 1233] GET etag fn
  [ROUTE 1234] GET env
  [ROUTE 1235] GET env
  [ROUTE 1236] GET env
  [ROUTE 1237] GET json escape
  [ROUTE 1238] GET json replacer
  [ROUTE 1239] GET json spaces
  [ROUTE 1240] GET etag fn
  [ROUTE 1241] GET query parser fn
  [ROUTE 1242] GET query parser fn
  [ROUTE 1243] GET json escape
  [ROUTE 1244] GET json replacer
  [ROUTE 1245] GET json spaces
  [ROUTE 1246] GET etag fn
  [ROUTE 1247] GET env
  [ROUTE 1248] GET query parser fn
  [ROUTE 1249] GET env
  [ROUTE 1250] GET env
  [ROUTE 1251] GET env
  [ROUTE 1252] GET json escape
  [ROUTE 1253] GET json replacer
  [ROUTE 1254] GET json spaces
  [ROUTE 1255] GET etag fn
  [ROUTE 1256] GET json escape
  [ROUTE 1257] GET json replacer
  [ROUTE 1258] GET json spaces
  [ROUTE 1259] GET etag fn
  [ROUTE 1260] GET env
  [ROUTE 1261] GET env
  [ROUTE 1262] GET env
  [ROUTE 1263] GET query parser fn
  [ROUTE 1264] GET query parser fn
  [ROUTE 1265] GET json escape
  [ROUTE 1266] GET json replacer
  [ROUTE 1267] GET json spaces
  [ROUTE 1268] GET etag fn
  [ROUTE 1269] GET json escape
  [ROUTE 1270] GET json replacer
  [ROUTE 1271] GET json spaces
  [ROUTE 1272] GET etag fn
  [ROUTE 1273] GET env
  [ROUTE 1274] GET query parser fn
  [ROUTE 1275] GET env
  [ROUTE 1276] GET env
  [ROUTE 1277] GET json escape
  [ROUTE 1278] GET json replacer
  [ROUTE 1279] GET json spaces
  [ROUTE 1280] GET etag fn
  [ROUTE 1281] GET json escape
  [ROUTE 1282] GET json replacer
  [ROUTE 1283] GET json spaces
  [ROUTE 1284] GET etag fn
  [ROUTE 1285] GET env
  [ROUTE 1286] GET query parser fn
  [ROUTE 1287] GET json escape
  [ROUTE 1288] GET json replacer
  [ROUTE 1289] GET json spaces
  [ROUTE 1290] GET etag fn
  [ROUTE 1291] GET env
  [ROUTE 1292] GET query parser fn
  [ROUTE 1293] GET json escape
  [ROUTE 1294] GET json replacer
  [ROUTE 1295] GET json spaces
  [ROUTE 1296] GET etag fn
  [ROUTE 1297] GET env
  [ROUTE 1298] GET query parser fn
  [ROUTE 1299] GET json escape
  [ROUTE 1300] GET json replacer
  [ROUTE 1301] GET json spaces
  [ROUTE 1302] GET etag fn
  [ROUTE 1303] GET env
  [ROUTE 1304] GET query parser fn
  [ROUTE 1305] GET json escape
  [ROUTE 1306] GET json replacer
  [ROUTE 1307] GET json spaces
  [ROUTE 1308] GET etag fn
  [ROUTE 1309] GET env
  [ROUTE 1310] GET env
  [ROUTE 1311] GET env
  [ROUTE 1312] GET json escape
  [ROUTE 1313] GET json replacer
  [ROUTE 1314] GET json spaces
  [ROUTE 1315] GET etag fn
  [ROUTE 1316] GET json escape
  [ROUTE 1317] GET json replacer
  [ROUTE 1318] GET json spaces
  [ROUTE 1319] GET etag fn
  [ROUTE 1320] GET json escape
  [ROUTE 1321] GET json replacer
  [ROUTE 1322] GET json spaces
  [ROUTE 1323] GET etag fn
  [ROUTE 1324] GET env
  [ROUTE 1325] GET json escape
  [ROUTE 1326] GET json replacer
  [ROUTE 1327] GET json spaces
  [ROUTE 1328] GET etag fn
  [ROUTE 1329] GET env
  [ROUTE 1330] GET json escape
  [ROUTE 1331] GET json replacer
  [ROUTE 1332] GET json spaces
  [ROUTE 1333] GET etag fn
  [ROUTE 1334] GET env
  [ROUTE 1335] GET env
  [ROUTE 1336] GET json escape
  [ROUTE 1337] GET json replacer
  [ROUTE 1338] GET json spaces
  [ROUTE 1339] GET etag fn
  [ROUTE 1340] GET json escape
  [ROUTE 1341] GET json replacer
  [ROUTE 1342] GET json spaces
  [ROUTE 1343] GET etag fn
  [ROUTE 1344] GET env
  [ROUTE 1345] GET json escape
  [ROUTE 1346] GET json replacer
  [ROUTE 1347] GET json spaces
  [ROUTE 1348] GET etag fn
  [ROUTE 1349] GET env
  [ROUTE 1350] GET env
  [ROUTE 1351] GET env
  [ROUTE 1352] GET json escape
  [ROUTE 1353] GET json replacer
  [ROUTE 1354] GET json spaces
  [ROUTE 1355] GET etag fn
  [ROUTE 1356] GET json escape
  [ROUTE 1357] GET json replacer
  [ROUTE 1358] GET json spaces
  [ROUTE 1359] GET etag fn
  [ROUTE 1360] GET env
  [ROUTE 1361] GET env
  [ROUTE 1362] GET env
  [ROUTE 1363] GET json escape
  [ROUTE 1364] GET json replacer
  [ROUTE 1365] GET json spaces
  [ROUTE 1366] GET etag fn
  [ROUTE 1367] GET query parser fn
  [ROUTE 1368] GET query parser fn
  [ROUTE 1369] GET json escape
  [ROUTE 1370] GET json replacer
  [ROUTE 1371] GET json spaces
  [ROUTE 1372] GET etag fn
  [ROUTE 1373] GET env
  [ROUTE 1374] GET query parser fn
  [ROUTE 1375] GET env
  [ROUTE 1376] GET json escape
  [ROUTE 1377] GET json replacer
  [ROUTE 1378] GET json spaces
  [ROUTE 1379] GET etag fn
  [ROUTE 1380] GET env
  [ROUTE 1381] GET json escape
  [ROUTE 1382] GET json replacer
  [ROUTE 1383] GET json spaces
  [ROUTE 1384] GET etag fn
  [ROUTE 1385] GET env
  [ROUTE 1386] GET env
  [ROUTE 1387] GET json escape
  [ROUTE 1388] GET json replacer
  [ROUTE 1389] GET json spaces
  [ROUTE 1390] GET etag fn
  [ROUTE 1391] GET json escape
  [ROUTE 1392] GET json replacer
  [ROUTE 1393] GET json spaces
  [ROUTE 1394] GET etag fn
  [ROUTE 1395] GET env
  [ROUTE 1396] GET json escape
  [ROUTE 1397] GET json replacer
  [ROUTE 1398] GET json spaces
  [ROUTE 1399] GET etag fn
  [ROUTE 1400] GET env
  [ROUTE 1401] GET env
  [ROUTE 1402] GET env
  [ROUTE 1403] GET json escape
  [ROUTE 1404] GET json replacer
  [ROUTE 1405] GET json spaces
  [ROUTE 1406] GET etag fn
  [ROUTE 1407] GET json escape
  [ROUTE 1408] GET json replacer
  [ROUTE 1409] GET json spaces
  [ROUTE 1410] GET etag fn
  [ROUTE 1411] GET env
  [ROUTE 1412] GET env
  [ROUTE 1413] GET env
  [ROUTE 1414] GET json escape
  [ROUTE 1415] GET json replacer
  [ROUTE 1416] GET json spaces
  [ROUTE 1417] GET etag fn
  [ROUTE 1418] GET query parser fn
  [ROUTE 1419] GET query parser fn
  [ROUTE 1420] GET json escape
  [ROUTE 1421] GET json replacer
  [ROUTE 1422] GET json spaces
  [ROUTE 1423] GET etag fn
  [ROUTE 1424] GET env
  [ROUTE 1425] GET query parser fn
  [ROUTE 1426] GET env
  [ROUTE 1427] GET env
  [ROUTE 1428] GET env
  [ROUTE 1429] GET json escape
  [ROUTE 1430] GET json replacer
  [ROUTE 1431] GET json spaces
  [ROUTE 1432] GET etag fn
  [ROUTE 1433] GET json escape
  [ROUTE 1434] GET json replacer
  [ROUTE 1435] GET json spaces
  [ROUTE 1436] GET etag fn
  [ROUTE 1437] GET env
  [ROUTE 1438] GET env
  [ROUTE 1439] GET env
  [ROUTE 1440] GET json escape
  [ROUTE 1441] GET json replacer
  [ROUTE 1442] GET json spaces
  [ROUTE 1443] GET etag fn
  [ROUTE 1444] GET query parser fn
  [ROUTE 1445] GET query parser fn
  [ROUTE 1446] GET json escape
  [ROUTE 1447] GET json replacer
  [ROUTE 1448] GET json spaces
  [ROUTE 1449] GET etag fn
  [ROUTE 1450] GET env
  [ROUTE 1451] GET query parser fn
  [ROUTE 1452] GET env
  [ROUTE 1453] GET env
  [ROUTE 1454] GET json escape
  [ROUTE 1455] GET json replacer
  [ROUTE 1456] GET json spaces
  [ROUTE 1457] GET etag fn
  [ROUTE 1458] GET env
  [ROUTE 1459] GET json escape
  [ROUTE 1460] GET json replacer
  [ROUTE 1461] GET json spaces
  [ROUTE 1462] GET etag fn
  [ROUTE 1463] GET env
  [ROUTE 1464] GET env
  [ROUTE 1465] GET json escape
  [ROUTE 1466] GET json replacer
  [ROUTE 1467] GET json spaces
  [ROUTE 1468] GET etag fn
  [ROUTE 1469] GET env
  [ROUTE 1470] GET query parser fn
  [ROUTE 1471] GET query parser fn
  [ROUTE 1472] GET json escape
  [ROUTE 1473] GET json replacer
  [ROUTE 1474] GET json spaces
  [ROUTE 1475] GET etag fn
  [ROUTE 1476] GET env
  [ROUTE 1477] GET query parser fn
  [ROUTE 1478] GET env
  [ROUTE 1479] GET json escape
  [ROUTE 1480] GET json replacer
  [ROUTE 1481] GET json spaces
  [ROUTE 1482] GET etag fn
  [ROUTE 1483] GET env
  [ROUTE 1484] GET query parser fn
  [ROUTE 1485] GET query parser fn
  [ROUTE 1486] GET json escape
  [ROUTE 1487] GET json replacer
  [ROUTE 1488] GET json spaces
  [ROUTE 1489] GET etag fn
  [ROUTE 1490] GET env
  [ROUTE 1491] GET env
  [ROUTE 1492] GET json escape
  [ROUTE 1493] GET json replacer
  [ROUTE 1494] GET json spaces
  [ROUTE 1495] GET etag fn
  [ROUTE 1496] GET json escape
  [ROUTE 1497] GET json replacer
  [ROUTE 1498] GET json spaces
  [ROUTE 1499] GET etag fn
  [ROUTE 1500] GET env
  [ROUTE 1501] GET query parser fn
  [ROUTE 1502] GET json escape
  [ROUTE 1503] GET json replacer
  [ROUTE 1504] GET json spaces
  [ROUTE 1505] GET etag fn
  [ROUTE 1506] GET env
  [ROUTE 1507] GET query parser fn
  [ROUTE 1508] GET json escape
  [ROUTE 1509] GET json replacer
  [ROUTE 1510] GET json spaces
  [ROUTE 1511] GET etag fn
  [ROUTE 1512] GET env
  [ROUTE 1513] GET query parser fn
  [ROUTE 1514] GET json escape
  [ROUTE 1515] GET json replacer
  [ROUTE 1516] GET json spaces
  [ROUTE 1517] GET etag fn
  [ROUTE 1518] GET env
  [ROUTE 1519] GET json escape
  [ROUTE 1520] GET json replacer
  [ROUTE 1521] GET json spaces
  [ROUTE 1522] GET etag fn
  [ROUTE 1523] GET env
  [ROUTE 1524] GET env
  [ROUTE 1525] GET json escape
  [ROUTE 1526] GET json replacer
  [ROUTE 1527] GET json spaces
  [ROUTE 1528] GET etag fn
  [ROUTE 1529] GET json escape
  [ROUTE 1530] GET json replacer
  [ROUTE 1531] GET json spaces
  [ROUTE 1532] GET etag fn
  [ROUTE 1533] GET env
  [ROUTE 1534] GET env
  [ROUTE 1535] GET env
  [ROUTE 1536] GET json escape
  [ROUTE 1537] GET json replacer
  [ROUTE 1538] GET json spaces
  [ROUTE 1539] GET etag fn
  [ROUTE 1540] GET json escape
  [ROUTE 1541] GET json replacer
  [ROUTE 1542] GET json spaces
  [ROUTE 1543] GET etag fn
  [ROUTE 1544] GET env
  [ROUTE 1545] GET env
  [ROUTE 1546] GET env
  [ROUTE 1547] GET json escape
  [ROUTE 1548] GET json replacer
  [ROUTE 1549] GET json spaces
  [ROUTE 1550] GET etag fn
  [ROUTE 1551] GET query parser fn
  [ROUTE 1552] GET query parser fn
  [ROUTE 1553] GET json escape
  [ROUTE 1554] GET json replacer
  [ROUTE 1555] GET json spaces
  [ROUTE 1556] GET etag fn
  [ROUTE 1557] GET env
  [ROUTE 1558] GET query parser fn
  [ROUTE 1559] GET env
  [ROUTE 1560] GET json escape
  [ROUTE 1561] GET json replacer
  [ROUTE 1562] GET json spaces
  [ROUTE 1563] GET etag fn
  [ROUTE 1564] GET env
  [ROUTE 1565] GET json escape
  [ROUTE 1566] GET json replacer
  [ROUTE 1567] GET json spaces
  [ROUTE 1568] GET etag fn
  [ROUTE 1569] GET env
  [ROUTE 1570] GET env
  [ROUTE 1571] GET json escape
  [ROUTE 1572] GET json replacer
  [ROUTE 1573] GET json spaces
  [ROUTE 1574] GET etag fn
  [ROUTE 1575] GET json escape
  [ROUTE 1576] GET json replacer
  [ROUTE 1577] GET json spaces
  [ROUTE 1578] GET etag fn
  [ROUTE 1579] GET env
  [ROUTE 1580] GET json escape
  [ROUTE 1581] GET json replacer
  [ROUTE 1582] GET json spaces
  [ROUTE 1583] GET etag fn
  [ROUTE 1584] GET env
  [ROUTE 1585] GET json escape
  [ROUTE 1586] GET json replacer
  [ROUTE 1587] GET json spaces
  [ROUTE 1588] GET etag fn
  [ROUTE 1589] GET env
  [ROUTE 1590] GET json escape
  [ROUTE 1591] GET json replacer
  [ROUTE 1592] GET json spaces
  [ROUTE 1593] GET etag fn
  [ROUTE 1594] GET env
  [ROUTE 1595] GET env
  [ROUTE 1596] GET json escape
  [ROUTE 1597] GET json replacer
  [ROUTE 1598] GET json spaces
  [ROUTE 1599] GET etag fn
  [ROUTE 1600] GET json escape
  [ROUTE 1601] GET json replacer
  [ROUTE 1602] GET json spaces
  [ROUTE 1603] GET etag fn
  [ROUTE 1604] GET env
  [ROUTE 1605] GET json escape
  [ROUTE 1606] GET json replacer
  [ROUTE 1607] GET json spaces
  [ROUTE 1608] GET etag fn
  [ROUTE 1609] GET env
  [ROUTE 1610] GET env
  [ROUTE 1611] GET env
  [ROUTE 1612] GET json escape
  [ROUTE 1613] GET json replacer
  [ROUTE 1614] GET json spaces
  [ROUTE 1615] GET etag fn
  [ROUTE 1616] GET json escape
  [ROUTE 1617] GET json replacer
  [ROUTE 1618] GET json spaces
  [ROUTE 1619] GET etag fn
  [ROUTE 1620] GET env
  [ROUTE 1621] GET env
  [ROUTE 1622] GET env
  [ROUTE 1623] GET json escape
  [ROUTE 1624] GET json replacer
  [ROUTE 1625] GET json spaces
  [ROUTE 1626] GET etag fn
  [ROUTE 1627] GET query parser fn
  [ROUTE 1628] GET query parser fn
  [ROUTE 1629] GET json escape
  [ROUTE 1630] GET json replacer
  [ROUTE 1631] GET json spaces
  [ROUTE 1632] GET etag fn
  [ROUTE 1633] GET env
  [ROUTE 1634] GET env
  [ROUTE 1635] GET env
  [ROUTE 1636] GET json escape
  [ROUTE 1637] GET json replacer
  [ROUTE 1638] GET json spaces
  [ROUTE 1639] GET etag fn
  [ROUTE 1640] GET json escape
  [ROUTE 1641] GET json replacer
  [ROUTE 1642] GET json spaces
  [ROUTE 1643] GET etag fn
  [ROUTE 1644] GET env
  [ROUTE 1645] GET env
  [ROUTE 1646] GET env
  [ROUTE 1647] GET json escape
  [ROUTE 1648] GET json replacer
  [ROUTE 1649] GET json spaces
  [ROUTE 1650] GET etag fn
  [ROUTE 1651] GET query parser fn
  [ROUTE 1652] GET query parser fn
  [ROUTE 1653] GET json escape
  [ROUTE 1654] GET json replacer
  [ROUTE 1655] GET json spaces
  [ROUTE 1656] GET etag fn
  [ROUTE 1657] GET env
  [ROUTE 1658] GET env
  [ROUTE 1659] GET json escape
  [ROUTE 1660] GET json replacer
  [ROUTE 1661] GET json spaces
  [ROUTE 1662] GET etag fn
  [ROUTE 1663] GET json escape
  [ROUTE 1664] GET json replacer
  [ROUTE 1665] GET json spaces
  [ROUTE 1666] GET etag fn
  [ROUTE 1667] GET env
  [ROUTE 1668] GET env
  [ROUTE 1669] GET env
  [ROUTE 1670] GET query parser fn
  [ROUTE 1671] GET env
  [ROUTE 1672] GET env
  [ROUTE 1673] GET env
  [ROUTE 1674] GET json escape
  [ROUTE 1675] GET json replacer
  [ROUTE 1676] GET json spaces
  [ROUTE 1677] GET etag fn
  [ROUTE 1678] GET json escape
  [ROUTE 1679] GET json replacer
  [ROUTE 1680] GET json spaces
  [ROUTE 1681] GET etag fn
  [ROUTE 1682] GET json escape
  [ROUTE 1683] GET json replacer
  [ROUTE 1684] GET json spaces
  [ROUTE 1685] GET etag fn
  [ROUTE 1686] GET env
  [ROUTE 1687] GET json escape
  [ROUTE 1688] GET json replacer
  [ROUTE 1689] GET json spaces
  [ROUTE 1690] GET etag fn
  [ROUTE 1691] GET env
  [ROUTE 1692] GET json escape
  [ROUTE 1693] GET json replacer
  [ROUTE 1694] GET json spaces
  [ROUTE 1695] GET etag fn
  [ROUTE 1696] GET env
  [ROUTE 1697] GET json escape
  [ROUTE 1698] GET json replacer
  [ROUTE 1699] GET json spaces
  [ROUTE 1700] GET etag fn
  [ROUTE 1701] GET env
  [ROUTE 1702] GET json escape
  [ROUTE 1703] GET json replacer
  [ROUTE 1704] GET json spaces
  [ROUTE 1705] GET etag fn
  [ROUTE 1706] GET env
  [ROUTE 1707] GET json escape
  [ROUTE 1708] GET json replacer
  [ROUTE 1709] GET json spaces
  [ROUTE 1710] GET etag fn
  [ROUTE 1711] GET env
  [ROUTE 1712] GET env
  [ROUTE 1713] GET json escape
  [ROUTE 1714] GET json replacer
  [ROUTE 1715] GET json spaces
  [ROUTE 1716] GET etag fn
  [ROUTE 1717] GET env
  [ROUTE 1718] GET json escape
  [ROUTE 1719] GET json replacer
  [ROUTE 1720] GET json spaces
  [ROUTE 1721] GET etag fn
  [ROUTE 1722] GET env
  [ROUTE 1723] GET env
  [ROUTE 1724] GET env
  [ROUTE 1725] GET query parser fn
  [ROUTE 1726] GET query parser fn
  [ROUTE 1727] GET json escape
  [ROUTE 1728] GET json replacer
  [ROUTE 1729] GET json spaces
  [ROUTE 1730] GET etag fn
  [ROUTE 1731] GET json escape
  [ROUTE 1732] GET json replacer
  [ROUTE 1733] GET json spaces
  [ROUTE 1734] GET etag fn
  [ROUTE 1735] GET env
  [ROUTE 1736] GET env
  [ROUTE 1737] GET env
  [ROUTE 1738] GET json escape
  [ROUTE 1739] GET json replacer
  [ROUTE 1740] GET json spaces
  [ROUTE 1741] GET etag fn
  [ROUTE 1742] GET json escape
  [ROUTE 1743] GET json replacer
  [ROUTE 1744] GET json spaces
  [ROUTE 1745] GET etag fn
  [ROUTE 1746] GET env
  [ROUTE 1747] GET env
  [ROUTE 1748] GET env
  [ROUTE 1749] GET json escape
  [ROUTE 1750] GET json replacer
  [ROUTE 1751] GET json spaces
  [ROUTE 1752] GET etag fn
  [ROUTE 1753] GET query parser fn
  [ROUTE 1754] GET query parser fn
  [ROUTE 1755] GET json escape
  [ROUTE 1756] GET json replacer
  [ROUTE 1757] GET json spaces
  [ROUTE 1758] GET etag fn
  [ROUTE 1759] GET env
  [ROUTE 1760] GET env
  [ROUTE 1761] GET env
  [ROUTE 1762] GET json escape
  [ROUTE 1763] GET json replacer
  [ROUTE 1764] GET json spaces
  [ROUTE 1765] GET etag fn
  [ROUTE 1766] GET json escape
  [ROUTE 1767] GET json replacer
  [ROUTE 1768] GET json spaces
  [ROUTE 1769] GET etag fn
  [ROUTE 1770] GET env
  [ROUTE 1771] GET env
  [ROUTE 1772] GET env
  [ROUTE 1773] GET json escape
  [ROUTE 1774] GET json replacer
  [ROUTE 1775] GET json spaces
  [ROUTE 1776] GET etag fn
  [ROUTE 1777] GET query parser fn
  [ROUTE 1778] GET query parser fn
  [ROUTE 1779] GET json escape
  [ROUTE 1780] GET json replacer
  [ROUTE 1781] GET json spaces
  [ROUTE 1782] GET etag fn
  [ROUTE 1783] GET env
  [ROUTE 1784] GET env
  [ROUTE 1785] GET env
  [ROUTE 1786] GET json escape
  [ROUTE 1787] GET json replacer
  [ROUTE 1788] GET json spaces
  [ROUTE 1789] GET etag fn
  [ROUTE 1790] GET json escape
  [ROUTE 1791] GET json replacer
  [ROUTE 1792] GET json spaces
  [ROUTE 1793] GET etag fn
  [ROUTE 1794] GET env
  [ROUTE 1795] GET env
  [ROUTE 1796] GET json escape
  [ROUTE 1797] GET json replacer
  [ROUTE 1798] GET json spaces
  [ROUTE 1799] GET etag fn
  [ROUTE 1800] GET env
  [ROUTE 1801] GET query parser fn
  [ROUTE 1802] GET query parser fn
  [ROUTE 1803] GET json escape
  [ROUTE 1804] GET json replacer
  [ROUTE 1805] GET json spaces
  [ROUTE 1806] GET etag fn
  [ROUTE 1807] GET env
  [ROUTE 1808] GET json escape
  [ROUTE 1809] GET json replacer
  [ROUTE 1810] GET json spaces
  [ROUTE 1811] GET etag fn
  [ROUTE 1812] GET env
  [ROUTE 1813] GET env
  [ROUTE 1814] GET env
  [ROUTE 1815] GET env
  [ROUTE 1816] GET json escape
  [ROUTE 1817] GET json replacer
  [ROUTE 1818] GET json spaces
  [ROUTE 1819] GET etag fn
  [ROUTE 1820] GET json escape
  [ROUTE 1821] GET json replacer
  [ROUTE 1822] GET json spaces
  [ROUTE 1823] GET etag fn
  [ROUTE 1824] GET env
  [ROUTE 1825] GET env
  [ROUTE 1826] GET env
  [ROUTE 1827] GET json escape
  [ROUTE 1828] GET json replacer
  [ROUTE 1829] GET json spaces
  [ROUTE 1830] GET etag fn
  [ROUTE 1831] GET json escape
  [ROUTE 1832] GET json replacer
  [ROUTE 1833] GET json spaces
  [ROUTE 1834] GET etag fn
  [ROUTE 1835] GET env
  [ROUTE 1836] GET env
  [ROUTE 1837] GET json escape
  [ROUTE 1838] GET json replacer
  [ROUTE 1839] GET json spaces
  [ROUTE 1840] GET etag fn
  [ROUTE 1841] GET env
  [ROUTE 1842] GET query parser fn
  [ROUTE 1843] GET query parser fn
  [ROUTE 1844] GET json escape
  [ROUTE 1845] GET json replacer
  [ROUTE 1846] GET json spaces
  [ROUTE 1847] GET etag fn
  [ROUTE 1848] GET env
  [ROUTE 1849] GET env
  [ROUTE 1850] GET env
  [ROUTE 1851] GET json escape
  [ROUTE 1852] GET json replacer
  [ROUTE 1853] GET json spaces
  [ROUTE 1854] GET etag fn
  [ROUTE 1855] GET json escape
  [ROUTE 1856] GET json replacer
  [ROUTE 1857] GET json spaces
  [ROUTE 1858] GET etag fn
  [ROUTE 1859] GET env
  [ROUTE 1860] GET env
  [ROUTE 1861] GET query parser fn
  [ROUTE 1862] GET query parser fn
  [ROUTE 1863] GET env
  [ROUTE 1864] GET json escape
  [ROUTE 1865] GET json replacer
  [ROUTE 1866] GET json spaces
  [ROUTE 1867] GET etag fn
  [ROUTE 1868] GET json escape
  [ROUTE 1869] GET json replacer
  [ROUTE 1870] GET json spaces
  [ROUTE 1871] GET etag fn
  [ROUTE 1872] GET env
  [ROUTE 1873] GET json escape
  [ROUTE 1874] GET json replacer
  [ROUTE 1875] GET json spaces
  [ROUTE 1876] GET etag fn
  [ROUTE 1877] GET env
  [ROUTE 1878] GET json escape
  [ROUTE 1879] GET json replacer
  [ROUTE 1880] GET json spaces
  [ROUTE 1881] GET etag fn
  [ROUTE 1882] GET env
  [ROUTE 1883] GET env
  [ROUTE 1884] GET json escape
  [ROUTE 1885] GET json replacer
  [ROUTE 1886] GET json spaces
  [ROUTE 1887] GET etag fn
  [ROUTE 1888] GET json escape
  [ROUTE 1889] GET json replacer
  [ROUTE 1890] GET json spaces
  [ROUTE 1891] GET etag fn
  [ROUTE 1892] GET env
  [ROUTE 1893] GET json escape
  [ROUTE 1894] GET json replacer
  [ROUTE 1895] GET json spaces
  [ROUTE 1896] GET etag fn
  [ROUTE 1897] GET env
  [ROUTE 1898] GET env
  [ROUTE 1899] GET env
  [ROUTE 1900] GET json escape
  [ROUTE 1901] GET json replacer
  [ROUTE 1902] GET json spaces
  [ROUTE 1903] GET etag fn
  [ROUTE 1904] GET json escape
  [ROUTE 1905] GET json replacer
  [ROUTE 1906] GET json spaces
  [ROUTE 1907] GET etag fn
  [ROUTE 1908] GET env
  [ROUTE 1909] GET env
  [ROUTE 1910] GET query parser fn
  [ROUTE 1911] GET query parser fn
  [ROUTE 1912] GET env
  [ROUTE 1913] GET json escape
  [ROUTE 1914] GET json replacer
  [ROUTE 1915] GET json spaces
  [ROUTE 1916] GET etag fn
  [ROUTE 1917] GET json escape
  [ROUTE 1918] GET json replacer
  [ROUTE 1919] GET json spaces
  [ROUTE 1920] GET etag fn
  [ROUTE 1921] GET env
  [ROUTE 1922] GET env
  [ROUTE 1923] GET env
  [ROUTE 1924] GET json escape
  [ROUTE 1925] GET json replacer
  [ROUTE 1926] GET json spaces
  [ROUTE 1927] GET etag fn
  [ROUTE 1928] GET json escape
  [ROUTE 1929] GET json replacer
  [ROUTE 1930] GET json spaces
  [ROUTE 1931] GET etag fn
  [ROUTE 1932] GET env
  [ROUTE 1933] GET env
  [ROUTE 1934] GET env
  [ROUTE 1935] GET json escape
  [ROUTE 1936] GET json replacer
  [ROUTE 1937] GET json spaces
  [ROUTE 1938] GET etag fn
  [ROUTE 1939] GET query parser fn
  [ROUTE 1940] GET query parser fn
  [ROUTE 1941] GET json escape
  [ROUTE 1942] GET json replacer
  [ROUTE 1943] GET json spaces
  [ROUTE 1944] GET etag fn
  [ROUTE 1945] GET env
  [ROUTE 1946] GET env
  [ROUTE 1947] GET env
  [ROUTE 1948] GET json escape
  [ROUTE 1949] GET json replacer
  [ROUTE 1950] GET json spaces
  [ROUTE 1951] GET etag fn
  [ROUTE 1952] GET json escape
  [ROUTE 1953] GET json replacer
  [ROUTE 1954] GET json spaces
  [ROUTE 1955] GET etag fn
  [ROUTE 1956] GET env
  [ROUTE 1957] GET env
  [ROUTE 1958] GET json escape
  [ROUTE 1959] GET json replacer
  [ROUTE 1960] GET json spaces
  [ROUTE 1961] GET etag fn
  [ROUTE 1962] GET env
  [ROUTE 1963] GET query parser fn
  [ROUTE 1964] GET query parser fn
  [ROUTE 1965] GET json escape
  [ROUTE 1966] GET json replacer
  [ROUTE 1967] GET json spaces
  [ROUTE 1968] GET etag fn
  [ROUTE 1969] GET env
  [ROUTE 1970] GET json escape
  [ROUTE 1971] GET json replacer
  [ROUTE 1972] GET json spaces
  [ROUTE 1973] GET etag fn
  [ROUTE 1974] GET env
  [ROUTE 1975] GET json escape
  [ROUTE 1976] GET json replacer
  [ROUTE 1977] GET json spaces
  [ROUTE 1978] GET etag fn
  [ROUTE 1979] GET env
  [ROUTE 1980] GET query parser fn
  [ROUTE 1981] GET query parser fn
  [ROUTE 1982] GET json escape
  [ROUTE 1983] GET json replacer
  [ROUTE 1984] GET json spaces
  [ROUTE 1985] GET etag fn
  [ROUTE 1986] GET env
  [ROUTE 1987] GET query parser fn
  [ROUTE 1988] GET query parser fn
  [ROUTE 1989] GET json escape
  [ROUTE 1990] GET json replacer
  [ROUTE 1991] GET json spaces
  [ROUTE 1992] GET etag fn
  [ROUTE 1993] GET env
  [ROUTE 1994] GET env
  [ROUTE 1995] GET json escape
  [ROUTE 1996] GET json replacer
  [ROUTE 1997] GET json spaces
  [ROUTE 1998] GET etag fn
  [ROUTE 1999] GET json escape
  [ROUTE 2000] GET json replacer
  [ROUTE 2001] GET json spaces
  [ROUTE 2002] GET etag fn
  [ROUTE 2003] GET env
  [ROUTE 2004] GET json escape
  [ROUTE 2005] GET json replacer
  [ROUTE 2006] GET json spaces
  [ROUTE 2007] GET etag fn
  [ROUTE 2008] GET env
  [ROUTE 2009] GET env
  [ROUTE 2010] GET env
  [ROUTE 2011] GET json escape
  [ROUTE 2012] GET json replacer
  [ROUTE 2013] GET json spaces
  [ROUTE 2014] GET etag fn
  [ROUTE 2015] GET json escape
  [ROUTE 2016] GET json replacer
  [ROUTE 2017] GET json spaces
  [ROUTE 2018] GET etag fn
  [ROUTE 2019] GET env
  [ROUTE 2020] GET env
  [ROUTE 2021] GET env
  [ROUTE 2022] GET json escape
  [ROUTE 2023] GET json replacer
  [ROUTE 2024] GET json spaces
  [ROUTE 2025] GET etag fn
  [ROUTE 2026] GET query parser fn
  [ROUTE 2027] GET query parser fn
  [ROUTE 2028] GET json escape
  [ROUTE 2029] GET json replacer
  [ROUTE 2030] GET json spaces
  [ROUTE 2031] GET etag fn
  [ROUTE 2032] GET env
  [ROUTE 2033] GET env
  [ROUTE 2034] GET env
  [ROUTE 2035] GET json escape
  [ROUTE 2036] GET json replacer
  [ROUTE 2037] GET json spaces
  [ROUTE 2038] GET etag fn
  [ROUTE 2039] GET json escape
  [ROUTE 2040] GET json replacer
  [ROUTE 2041] GET json spaces
  [ROUTE 2042] GET etag fn
  [ROUTE 2043] GET env
  [ROUTE 2044] GET env
  [ROUTE 2045] GET env
  [ROUTE 2046] GET json escape
  [ROUTE 2047] GET json replacer
  [ROUTE 2048] GET json spaces
  [ROUTE 2049] GET etag fn
  [ROUTE 2050] GET query parser fn
  [ROUTE 2051] GET query parser fn
  [ROUTE 2052] GET json escape
  [ROUTE 2053] GET json replacer
  [ROUTE 2054] GET json spaces
  [ROUTE 2055] GET etag fn
  [ROUTE 2056] GET env
  [ROUTE 2057] GET env
  [ROUTE 2058] GET env
  [ROUTE 2059] GET json escape
  [ROUTE 2060] GET json replacer
  [ROUTE 2061] GET json spaces
  [ROUTE 2062] GET etag fn
  [ROUTE 2063] GET json escape
  [ROUTE 2064] GET json replacer
  [ROUTE 2065] GET json spaces
  [ROUTE 2066] GET etag fn
  [ROUTE 2067] GET env
  [ROUTE 2068] GET env
  [ROUTE 2069] GET env
  [ROUTE 2070] GET query parser fn
  [ROUTE 2071] GET query parser fn
  [ROUTE 2072] GET json escape
  [ROUTE 2073] GET json replacer
  [ROUTE 2074] GET json spaces
  [ROUTE 2075] GET etag fn
  [ROUTE 2076] GET json escape
  [ROUTE 2077] GET json replacer
  [ROUTE 2078] GET json spaces
  [ROUTE 2079] GET etag fn
  [ROUTE 2080] GET env
  [ROUTE 2081] GET env
  [ROUTE 2082] GET env
  [ROUTE 2083] GET json escape
  [ROUTE 2084] GET json replacer
  [ROUTE 2085] GET json spaces
  [ROUTE 2086] GET etag fn
  [ROUTE 2087] GET json escape
  [ROUTE 2088] GET json replacer
  [ROUTE 2089] GET json spaces
  [ROUTE 2090] GET etag fn
  [ROUTE 2091] GET env
  [ROUTE 2092] GET env
  [ROUTE 2093] GET env
  [ROUTE 2094] GET json escape
  [ROUTE 2095] GET json replacer
  [ROUTE 2096] GET json spaces
  [ROUTE 2097] GET etag fn
  [ROUTE 2098] GET query parser fn
  [ROUTE 2099] GET query parser fn
  [ROUTE 2100] GET json escape
  [ROUTE 2101] GET json replacer
  [ROUTE 2102] GET json spaces
  [ROUTE 2103] GET etag fn
  [ROUTE 2104] GET env
  [ROUTE 2105] GET env
  [ROUTE 2106] GET env
  [ROUTE 2107] GET json escape
  [ROUTE 2108] GET json replacer
  [ROUTE 2109] GET json spaces
  [ROUTE 2110] GET etag fn
  [ROUTE 2111] GET json escape
  [ROUTE 2112] GET json replacer
  [ROUTE 2113] GET json spaces
  [ROUTE 2114] GET etag fn
  [ROUTE 2115] GET env
  [ROUTE 2116] GET env
  [ROUTE 2117] GET json escape
  [ROUTE 2118] GET json replacer
  [ROUTE 2119] GET json spaces
  [ROUTE 2120] GET etag fn
  [ROUTE 2121] GET env
  [ROUTE 2122] GET query parser fn
  [ROUTE 2123] GET query parser fn
  [ROUTE 2124] GET json escape
  [ROUTE 2125] GET json replacer
  [ROUTE 2126] GET json spaces
  [ROUTE 2127] GET etag fn
  [ROUTE 2128] GET env
  [ROUTE 2129] GET env
  [ROUTE 2130] GET env
  [ROUTE 2131] GET json escape
  [ROUTE 2132] GET json replacer
  [ROUTE 2133] GET json spaces
  [ROUTE 2134] GET etag fn
  [ROUTE 2135] GET json escape
  [ROUTE 2136] GET json replacer
  [ROUTE 2137] GET json spaces
  [ROUTE 2138] GET etag fn
  [ROUTE 2139] GET env
  [ROUTE 2140] GET env
  [ROUTE 2141] GET env
  [ROUTE 2142] GET json escape
  [ROUTE 2143] GET json replacer
  [ROUTE 2144] GET json spaces
  [ROUTE 2145] GET etag fn
  [ROUTE 2146] GET query parser fn
  [ROUTE 2147] GET query parser fn
  [ROUTE 2148] GET json escape
  [ROUTE 2149] GET json replacer
  [ROUTE 2150] GET json spaces
  [ROUTE 2151] GET etag fn
  [ROUTE 2152] GET env
  [ROUTE 2153] GET env
  [ROUTE 2154] GET env
  [ROUTE 2155] GET json escape
  [ROUTE 2156] GET json replacer
  [ROUTE 2157] GET json spaces
  [ROUTE 2158] GET etag fn
  [ROUTE 2159] GET json escape
  [ROUTE 2160] GET json replacer
  [ROUTE 2161] GET json spaces
  [ROUTE 2162] GET etag fn
  [ROUTE 2163] GET env
  [ROUTE 2164] GET env
  [ROUTE 2165] GET env
  [ROUTE 2166] GET json escape
  [ROUTE 2167] GET json replacer
  [ROUTE 2168] GET json spaces
  [ROUTE 2169] GET etag fn
  [ROUTE 2170] GET query parser fn
  [ROUTE 2171] GET query parser fn
  [ROUTE 2172] GET json escape
  [ROUTE 2173] GET json replacer
  [ROUTE 2174] GET json spaces
  [ROUTE 2175] GET etag fn
  [ROUTE 2176] GET env
  [ROUTE 2177] GET env
  [ROUTE 2178] GET env
  [ROUTE 2179] GET json escape
  [ROUTE 2180] GET json replacer
  [ROUTE 2181] GET json spaces
  [ROUTE 2182] GET etag fn
  [ROUTE 2183] GET json escape
  [ROUTE 2184] GET json replacer
  [ROUTE 2185] GET json spaces
  [ROUTE 2186] GET etag fn
  [ROUTE 2187] GET env
  [ROUTE 2188] GET env
  [ROUTE 2189] GET json escape
  [ROUTE 2190] GET json replacer
  [ROUTE 2191] GET json spaces
  [ROUTE 2192] GET etag fn
  [ROUTE 2193] GET env
  [ROUTE 2194] GET query parser fn
  [ROUTE 2195] GET query parser fn
  [ROUTE 2196] GET json escape
  [ROUTE 2197] GET json replacer
  [ROUTE 2198] GET json spaces
  [ROUTE 2199] GET etag fn
  [ROUTE 2200] GET env
  [ROUTE 2201] GET env
  [ROUTE 2202] GET env
  [ROUTE 2203] GET json escape
  [ROUTE 2204] GET json replacer
  [ROUTE 2205] GET json spaces
  [ROUTE 2206] GET etag fn
  [ROUTE 2207] GET json escape
  [ROUTE 2208] GET json replacer
  [ROUTE 2209] GET json spaces
  [ROUTE 2210] GET etag fn
  [ROUTE 2211] GET env
  [ROUTE 2212] GET env
  [ROUTE 2213] GET env
  [ROUTE 2214] GET json escape
  [ROUTE 2215] GET json replacer
  [ROUTE 2216] GET json spaces
  [ROUTE 2217] GET etag fn
  [ROUTE 2218] GET env
  [ROUTE 2219] GET env
  [ROUTE 2220] GET query parser fn
  [ROUTE 2221] GET query parser fn
  [ROUTE 2222] GET env
  [ROUTE 2223] GET json escape
  [ROUTE 2224] GET json replacer
  [ROUTE 2225] GET json spaces
  [ROUTE 2226] GET etag fn
  [ROUTE 2227] GET json escape
  [ROUTE 2228] GET json replacer
  [ROUTE 2229] GET json spaces
  [ROUTE 2230] GET etag fn
  [ROUTE 2231] GET json escape
  [ROUTE 2232] GET json replacer
  [ROUTE 2233] GET json spaces
  [ROUTE 2234] GET etag fn
  [ROUTE 2235] GET env
  [ROUTE 2236] GET env
  [ROUTE 2237] GET env
  [ROUTE 2238] GET json escape
  [ROUTE 2239] GET json replacer
  [ROUTE 2240] GET json spaces
  [ROUTE 2241] GET etag fn
  [ROUTE 2242] GET query parser fn
  [ROUTE 2243] GET query parser fn
  [ROUTE 2244] GET json escape
  [ROUTE 2245] GET json replacer
  [ROUTE 2246] GET json spaces
  [ROUTE 2247] GET etag fn
  [ROUTE 2248] GET env
  [ROUTE 2249] GET env
  [ROUTE 2250] GET env
  [ROUTE 2251] GET env
  [ROUTE 2252] GET json escape
  [ROUTE 2253] GET json replacer
  [ROUTE 2254] GET json spaces
  [ROUTE 2255] GET etag fn
  [ROUTE 2256] GET json escape
  [ROUTE 2257] GET json replacer
  [ROUTE 2258] GET json spaces
  [ROUTE 2259] GET etag fn
  [ROUTE 2260] GET env
  [ROUTE 2261] GET env
  [ROUTE 2262] GET env
  [ROUTE 2263] GET env
  [ROUTE 2264] GET env
  [ROUTE 2265] GET json escape
  [ROUTE 2266] GET json replacer
  [ROUTE 2267] GET json spaces
  [ROUTE 2268] GET etag fn
  [ROUTE 2269] GET query parser fn
  [ROUTE 2270] GET query parser fn
  [ROUTE 2271] GET json escape
  [ROUTE 2272] GET json replacer
  [ROUTE 2273] GET json spaces
  [ROUTE 2274] GET etag fn
  [ROUTE 2275] GET env
  [ROUTE 2276] GET env
  [ROUTE 2277] GET env
  [ROUTE 2278] GET json escape
  [ROUTE 2279] GET json replacer
  [ROUTE 2280] GET json spaces
  [ROUTE 2281] GET etag fn
  [ROUTE 2282] GET json escape
  [ROUTE 2283] GET json replacer
  [ROUTE 2284] GET json spaces
  [ROUTE 2285] GET etag fn
  [ROUTE 2286] GET env
  [ROUTE 2287] GET query parser fn
  [ROUTE 2288] GET json escape
  [ROUTE 2289] GET json replacer
  [ROUTE 2290] GET json spaces
  [ROUTE 2291] GET etag fn
  [ROUTE 2292] GET env
  [ROUTE 2293] GET query parser fn
  [ROUTE 2294] GET json escape
  [ROUTE 2295] GET json replacer
  [ROUTE 2296] GET json spaces
  [ROUTE 2297] GET etag fn
  [ROUTE 2298] GET env
  [ROUTE 2299] GET query parser fn
  [ROUTE 2300] GET json escape
  [ROUTE 2301] GET json replacer
  [ROUTE 2302] GET json spaces
  [ROUTE 2303] GET etag fn
  [ROUTE 2304] GET env
  [ROUTE 2305] GET query parser fn
  [ROUTE 2306] GET json escape
  [ROUTE 2307] GET json replacer
  [ROUTE 2308] GET json spaces
  [ROUTE 2309] GET etag fn
  [ROUTE 2310] GET env
  [ROUTE 2311] GET env
  [ROUTE 2312] GET env
  [ROUTE 2313] GET json escape
  [ROUTE 2314] GET json replacer
  [ROUTE 2315] GET json spaces
  [ROUTE 2316] GET etag fn
  [ROUTE 2317] GET json escape
  [ROUTE 2318] GET json replacer
  [ROUTE 2319] GET json spaces
  [ROUTE 2320] GET etag fn
  [ROUTE 2321] GET json escape
  [ROUTE 2322] GET json replacer
  [ROUTE 2323] GET json spaces
  [ROUTE 2324] GET etag fn
  [ROUTE 2325] GET env
  [ROUTE 2326] GET env
  [ROUTE 2327] GET json escape
  [ROUTE 2328] GET json replacer
  [ROUTE 2329] GET json spaces
  [ROUTE 2330] GET etag fn
  [ROUTE 2331] GET json escape
  [ROUTE 2332] GET json replacer
  [ROUTE 2333] GET json spaces
  [ROUTE 2334] GET etag fn
  [ROUTE 2335] GET env
  [ROUTE 2336] GET query parser fn
  [ROUTE 2337] GET json escape
  [ROUTE 2338] GET json replacer
  [ROUTE 2339] GET json spaces
  [ROUTE 2340] GET etag fn
  [ROUTE 2341] GET env
  [ROUTE 2342] GET query parser fn
  [ROUTE 2343] GET json escape
  [ROUTE 2344] GET json replacer
  [ROUTE 2345] GET json spaces
  [ROUTE 2346] GET etag fn
  [ROUTE 2347] GET env
  [ROUTE 2348] GET query parser fn
  [ROUTE 2349] GET json escape
  [ROUTE 2350] GET json replacer
  [ROUTE 2351] GET json spaces
  [ROUTE 2352] GET etag fn
  [ROUTE 2353] GET env
  [ROUTE 2354] GET env
  [ROUTE 2355] GET env
  [ROUTE 2356] GET json escape
  [ROUTE 2357] GET json replacer
  [ROUTE 2358] GET json spaces
  [ROUTE 2359] GET etag fn
  [ROUTE 2360] GET json escape
  [ROUTE 2361] GET json replacer
  [ROUTE 2362] GET json spaces
  [ROUTE 2363] GET etag fn
  [ROUTE 2364] GET json escape
  [ROUTE 2365] GET json replacer
  [ROUTE 2366] GET json spaces
  [ROUTE 2367] GET etag fn
  [ROUTE 2368] GET env
  [ROUTE 2369] GET env
  [ROUTE 2370] GET json escape
  [ROUTE 2371] GET json replacer
  [ROUTE 2372] GET json spaces
  [ROUTE 2373] GET etag fn
  [ROUTE 2374] GET env
  [ROUTE 2375] GET json escape
  [ROUTE 2376] GET json replacer
  [ROUTE 2377] GET json spaces
  [ROUTE 2378] GET etag fn
  [ROUTE 2379] GET env
  [ROUTE 2380] GET env
  [ROUTE 2381] GET env
  [ROUTE 2382] GET json escape
  [ROUTE 2383] GET json replacer
  [ROUTE 2384] GET json spaces
  [ROUTE 2385] GET etag fn
  [ROUTE 2386] GET query parser fn
  [ROUTE 2387] GET query parser fn
  [ROUTE 2388] GET json escape
  [ROUTE 2389] GET json replacer
  [ROUTE 2390] GET json spaces
  [ROUTE 2391] GET etag fn
  [ROUTE 2392] GET env
  [ROUTE 2393] GET env
  [ROUTE 2394] GET env
POST /leerling/join called
  [ROUTE 2395] GET json escape
  [ROUTE 2396] GET json replacer
  [ROUTE 2397] GET json spaces
  [ROUTE 2398] GET etag fn
  [ROUTE 2399] GET env
  [ROUTE 2400] GET env
  [ROUTE 2401] GET json escape
  [ROUTE 2402] GET json replacer
  [ROUTE 2403] GET json spaces
  [ROUTE 2404] GET etag fn
  [ROUTE 2405] GET query parser fn
  [ROUTE 2406] GET query parser fn
  [ROUTE 2407] GET env
  [ROUTE 2408] GET json escape
  [ROUTE 2409] GET json replacer
  [ROUTE 2410] GET json spaces
  [ROUTE 2411] GET etag fn
  [ROUTE 2412] GET json escape
  [ROUTE 2413] GET json replacer
  [ROUTE 2414] GET json spaces
  [ROUTE 2415] GET etag fn
  [ROUTE 2416] GET env
  [ROUTE 2417] GET query parser fn
  [ROUTE 2418] GET env
  [ROUTE 2419] GET json escape
  [ROUTE 2420] GET json replacer
  [ROUTE 2421] GET json spaces
  [ROUTE 2422] GET etag fn
  [ROUTE 2423] GET env
  [ROUTE 2424] GET query parser fn
  [ROUTE 2425] GET query parser fn
  [ROUTE 2426] GET json escape
  [ROUTE 2427] GET json replacer
  [ROUTE 2428] GET json spaces
  [ROUTE 2429] GET etag fn
  [ROUTE 2430] GET env
  [ROUTE 2431] GET env
  [ROUTE 2432] GET json escape
  [ROUTE 2433] GET json replacer
  [ROUTE 2434] GET json spaces
  [ROUTE 2435] GET etag fn
  [ROUTE 2436] GET json escape
  [ROUTE 2437] GET json replacer
  [ROUTE 2438] GET json spaces
  [ROUTE 2439] GET etag fn
  [ROUTE 2440] GET env
  [ROUTE 2441] GET env
  [ROUTE 2442] GET env
  [ROUTE 2443] GET env
  [ROUTE 2444] GET json escape
  [ROUTE 2445] GET json replacer
  [ROUTE 2446] GET json spaces
  [ROUTE 2447] GET etag fn
  [ROUTE 2448] GET env
  [ROUTE 2449] GET json escape
  [ROUTE 2450] GET json replacer
  [ROUTE 2451] GET json spaces
  [ROUTE 2452] GET etag fn
  [ROUTE 2453] GET json escape
  [ROUTE 2454] GET json replacer
  [ROUTE 2455] GET json spaces
  [ROUTE 2456] GET etag fn
  [ROUTE 2457] GET env
  [ROUTE 2458] GET json escape
  [ROUTE 2459] GET json replacer
  [ROUTE 2460] GET json spaces
  [ROUTE 2461] GET etag fn
  [ROUTE 2462] GET env
  [ROUTE 2463] GET env
  [ROUTE 2464] GET env
  [ROUTE 2465] GET json escape
  [ROUTE 2466] GET json replacer
  [ROUTE 2467] GET json spaces
  [ROUTE 2468] GET etag fn
  [ROUTE 2469] GET env
  [ROUTE 2470] GET env
  [ROUTE 2471] GET json escape
  [ROUTE 2472] GET json replacer
  [ROUTE 2473] GET json spaces
  [ROUTE 2474] GET etag fn
  [ROUTE 2475] GET json escape
  [ROUTE 2476] GET json replacer
  [ROUTE 2477] GET json spaces
  [ROUTE 2478] GET etag fn
  [ROUTE 2479] GET env
  [ROUTE 2480] GET json escape
  [ROUTE 2481] GET json replacer
  [ROUTE 2482] GET json spaces
  [ROUTE 2483] GET etag fn
  [ROUTE 2484] GET env
  [ROUTE 2485] GET env
  [ROUTE 2486] GET json escape
  [ROUTE 2487] GET json replacer
  [ROUTE 2488] GET json spaces
  [ROUTE 2489] GET etag fn
  [ROUTE 2490] GET json escape
  [ROUTE 2491] GET json replacer
  [ROUTE 2492] GET json spaces
  [ROUTE 2493] GET etag fn
  [ROUTE 2494] GET env
  [ROUTE 2495] GET json escape
  [ROUTE 2496] GET json replacer
  [ROUTE 2497] GET json spaces
  [ROUTE 2498] GET etag fn
  [ROUTE 2499] GET env
  [ROUTE 2500] GET json escape
  [ROUTE 2501] GET json replacer
  [ROUTE 2502] GET json spaces
  [ROUTE 2503] GET etag fn
  [ROUTE 2504] GET env
  [ROUTE 2505] GET env
  [ROUTE 2506] GET json escape
  [ROUTE 2507] GET json replacer
  [ROUTE 2508] GET json spaces
  [ROUTE 2509] GET etag fn
  [ROUTE 2510] GET json escape
  [ROUTE 2511] GET json replacer
  [ROUTE 2512] GET json spaces
  [ROUTE 2513] GET etag fn
  [ROUTE 2514] GET env
  [ROUTE 2515] GET env
  [ROUTE 2516] GET json escape
  [ROUTE 2517] GET json replacer
  [ROUTE 2518] GET json spaces
  [ROUTE 2519] GET etag fn
  [ROUTE 2520] GET json escape
  [ROUTE 2521] GET json replacer
  [ROUTE 2522] GET json spaces
  [ROUTE 2523] GET etag fn
  [ROUTE 2524] GET env
  [ROUTE 2525] GET env
  [ROUTE 2526] GET env
  [ROUTE 2527] GET env
  [ROUTE 2528] GET json escape
  [ROUTE 2529] GET json replacer
  [ROUTE 2530] GET json spaces
  [ROUTE 2531] GET etag fn
  [ROUTE 2532] GET json escape
  [ROUTE 2533] GET json replacer
  [ROUTE 2534] GET json spaces
  [ROUTE 2535] GET etag fn
  [ROUTE 2536] GET json escape
  [ROUTE 2537] GET json replacer
  [ROUTE 2538] GET json spaces
  [ROUTE 2539] GET etag fn
  [ROUTE 2540] GET env
  [ROUTE 2541] GET env
  [ROUTE 2542] GET json escape
  [ROUTE 2543] GET json replacer
  [ROUTE 2544] GET json spaces
  [ROUTE 2545] GET etag fn
  [ROUTE 2546] GET json escape
  [ROUTE 2547] GET json replacer
  [ROUTE 2548] GET json spaces
  [ROUTE 2549] GET etag fn
  [ROUTE 2550] GET env
  [ROUTE 2551] GET query parser fn
  [ROUTE 2552] GET json escape
  [ROUTE 2553] GET json replacer
  [ROUTE 2554] GET json spaces
  [ROUTE 2555] GET etag fn
  [ROUTE 2556] GET env
  [ROUTE 2557] GET query parser fn
  [ROUTE 2558] GET json escape
  [ROUTE 2559] GET json replacer
  [ROUTE 2560] GET json spaces
  [ROUTE 2561] GET etag fn
  [ROUTE 2562] GET env
  [ROUTE 2563] GET query parser fn
  [ROUTE 2564] GET json escape
  [ROUTE 2565] GET json replacer
  [ROUTE 2566] GET json spaces
  [ROUTE 2567] GET etag fn
  [ROUTE 2568] GET env
  [ROUTE 2569] GET json escape
  [ROUTE 2570] GET json replacer
  [ROUTE 2571] GET json spaces
  [ROUTE 2572] GET etag fn
  [ROUTE 2573] GET env
  [ROUTE 2574] GET json escape
  [ROUTE 2575] GET json replacer
  [ROUTE 2576] GET json spaces
  [ROUTE 2577] GET etag fn
  [ROUTE 2578] GET env
  [ROUTE 2579] GET json escape
  [ROUTE 2580] GET json replacer
  [ROUTE 2581] GET json spaces
  [ROUTE 2582] GET etag fn
  [ROUTE 2583] GET env
  [ROUTE 2584] GET env
  [ROUTE 2585] GET env
  [ROUTE 2586] GET json escape
  [ROUTE 2587] GET json replacer
  [ROUTE 2588] GET json spaces
  [ROUTE 2589] GET etag fn
  [ROUTE 2590] GET json escape
  [ROUTE 2591] GET json replacer
  [ROUTE 2592] GET json spaces
  [ROUTE 2593] GET etag fn
  [ROUTE 2594] GET env
  [ROUTE 2595] GET env
  [ROUTE 2596] GET env
  [ROUTE 2597] GET query parser fn
  [ROUTE 2598] GET query parser fn
  [ROUTE 2599] GET json escape
  [ROUTE 2600] GET json replacer
  [ROUTE 2601] GET json spaces
  [ROUTE 2602] GET etag fn
  [ROUTE 2603] GET json escape
  [ROUTE 2604] GET json replacer
  [ROUTE 2605] GET json spaces
  [ROUTE 2606] GET etag fn
  [ROUTE 2607] GET env
  [ROUTE 2608] GET env
  [ROUTE 2609] GET env
POST /leerling/join called
  [ROUTE 2610] GET json escape
  [ROUTE 2611] GET json replacer
  [ROUTE 2612] GET json spaces
  [ROUTE 2613] GET etag fn
  [ROUTE 2614] GET env
  [ROUTE 2615] GET env
  [ROUTE 2616] GET env
  [ROUTE 2617] GET query parser fn
  [ROUTE 2618] GET query parser fn
  [ROUTE 2619] GET json escape
  [ROUTE 2620] GET json replacer
  [ROUTE 2621] GET json spaces
  [ROUTE 2622] GET etag fn
  [ROUTE 2623] GET json escape
  [ROUTE 2624] GET json replacer
  [ROUTE 2625] GET json spaces
  [ROUTE 2626] GET etag fn
  [ROUTE 2627] GET json escape
  [ROUTE 2628] GET json replacer
  [ROUTE 2629] GET json spaces
  [ROUTE 2630] GET etag fn
  [ROUTE 2631] GET env
  [ROUTE 2632] GET query parser fn
  [ROUTE 2633] GET env
  [ROUTE 2634] GET env
  [ROUTE 2635] GET json escape
  [ROUTE 2636] GET json replacer
  [ROUTE 2637] GET json spaces
  [ROUTE 2638] GET etag fn
  [ROUTE 2639] GET json escape
  [ROUTE 2640] GET json replacer
  [ROUTE 2641] GET json spaces
  [ROUTE 2642] GET etag fn
  [ROUTE 2643] GET env
  [ROUTE 2644] GET env
  [ROUTE 2645] GET env
  [ROUTE 2646] GET json escape
  [ROUTE 2647] GET json replacer
  [ROUTE 2648] GET json spaces
  [ROUTE 2649] GET etag fn
  [ROUTE 2650] GET json escape
  [ROUTE 2651] GET json replacer
  [ROUTE 2652] GET json spaces
  [ROUTE 2653] GET etag fn
  [ROUTE 2654] GET json escape
  [ROUTE 2655] GET json replacer
  [ROUTE 2656] GET json spaces
  [ROUTE 2657] GET etag fn
  [ROUTE 2658] GET env
  [ROUTE 2659] GET json escape
  [ROUTE 2660] GET json replacer
  [ROUTE 2661] GET json spaces
  [ROUTE 2662] GET etag fn
  [ROUTE 2663] GET env
  [ROUTE 2664] GET query parser fn
  [ROUTE 2665] GET query parser fn
  [ROUTE 2666] GET json escape
  [ROUTE 2667] GET json replacer
  [ROUTE 2668] GET json spaces
  [ROUTE 2669] GET etag fn
  [ROUTE 2670] GET env
  [ROUTE 2671] GET env
  [ROUTE 2672] GET env
  [ROUTE 2673] GET json escape
  [ROUTE 2674] GET json replacer
  [ROUTE 2675] GET json spaces
  [ROUTE 2676] GET etag fn
  [ROUTE 2677] GET json escape
  [ROUTE 2678] GET json replacer
  [ROUTE 2679] GET json spaces
  [ROUTE 2680] GET etag fn
  [ROUTE 2681] GET env
  [ROUTE 2682] GET env
  [ROUTE 2683] GET env
  [ROUTE 2684] GET json escape
  [ROUTE 2685] GET json replacer
  [ROUTE 2686] GET json spaces
  [ROUTE 2687] GET etag fn
  [ROUTE 2688] GET query parser fn
  [ROUTE 2689] GET query parser fn
  [ROUTE 2690] GET json escape
  [ROUTE 2691] GET json replacer
  [ROUTE 2692] GET json spaces
  [ROUTE 2693] GET etag fn
  [ROUTE 2694] GET env
  [ROUTE 2695] GET env
  [ROUTE 2696] GET env
  [ROUTE 2697] GET json escape
  [ROUTE 2698] GET json replacer
  [ROUTE 2699] GET json spaces
  [ROUTE 2700] GET etag fn
  [ROUTE 2701] GET json escape
  [ROUTE 2702] GET json replacer
  [ROUTE 2703] GET json spaces
  [ROUTE 2704] GET etag fn
  [ROUTE 2705] GET env
  [ROUTE 2706] GET env
  [ROUTE 2707] GET env
  [ROUTE 2708] GET json escape
  [ROUTE 2709] GET json replacer
  [ROUTE 2710] GET json spaces
  [ROUTE 2711] GET etag fn
  [ROUTE 2712] GET query parser fn
  [ROUTE 2713] GET query parser fn
  [ROUTE 2714] GET json escape
  [ROUTE 2715] GET json replacer
  [ROUTE 2716] GET json spaces
  [ROUTE 2717] GET etag fn
  [ROUTE 2718] GET env
  [ROUTE 2719] GET env
  [ROUTE 2720] GET env
  [ROUTE 2721] GET json escape
  [ROUTE 2722] GET json replacer
  [ROUTE 2723] GET json spaces
  [ROUTE 2724] GET etag fn
  [ROUTE 2725] GET json escape
  [ROUTE 2726] GET json replacer
  [ROUTE 2727] GET json spaces
  [ROUTE 2728] GET etag fn
  [ROUTE 2729] GET env
  [ROUTE 2730] GET env
  [ROUTE 2731] GET json escape
  [ROUTE 2732] GET json replacer
  [ROUTE 2733] GET json spaces
  [ROUTE 2734] GET etag fn
  [ROUTE 2735] GET env
  [ROUTE 2736] GET query parser fn
  [ROUTE 2737] GET query parser fn
  [ROUTE 2738] GET json escape
  [ROUTE 2739] GET json replacer
  [ROUTE 2740] GET json spaces
  [ROUTE 2741] GET etag fn
  [ROUTE 2742] GET env
  [ROUTE 2743] GET env
  [ROUTE 2744] GET env
  [ROUTE 2745] GET json escape
  [ROUTE 2746] GET json replacer
  [ROUTE 2747] GET json spaces
  [ROUTE 2748] GET etag fn
  [ROUTE 2749] GET json escape
  [ROUTE 2750] GET json replacer
  [ROUTE 2751] GET json spaces
  [ROUTE 2752] GET etag fn
  [ROUTE 2753] GET env
  [ROUTE 2754] GET env
  [ROUTE 2755] GET json escape
  [ROUTE 2756] GET json replacer
  [ROUTE 2757] GET json spaces
  [ROUTE 2758] GET etag fn
  [ROUTE 2759] GET env
  [ROUTE 2760] GET query parser fn
  [ROUTE 2761] GET query parser fn
  [ROUTE 2762] GET json escape
  [ROUTE 2763] GET json replacer
  [ROUTE 2764] GET json spaces
  [ROUTE 2765] GET etag fn
  [ROUTE 2766] GET env
  [ROUTE 2767] GET env
  [ROUTE 2768] GET env
POST /leerling/join called
  [ROUTE 2769] GET json escape
  [ROUTE 2770] GET json replacer
  [ROUTE 2771] GET json spaces
  [ROUTE 2772] GET etag fn
  [ROUTE 2773] GET env
  [ROUTE 2774] GET env
  [ROUTE 2775] GET env
  [ROUTE 2776] GET json escape
  [ROUTE 2777] GET json replacer
  [ROUTE 2778] GET json spaces
  [ROUTE 2779] GET etag fn
  [ROUTE 2780] GET json escape
  [ROUTE 2781] GET json replacer
  [ROUTE 2782] GET json spaces
  [ROUTE 2783] GET etag fn
  [ROUTE 2784] GET query parser fn
  [ROUTE 2785] GET query parser fn
  [ROUTE 2786] GET json escape
  [ROUTE 2787] GET json replacer
  [ROUTE 2788] GET json spaces
  [ROUTE 2789] GET etag fn
  [ROUTE 2790] GET env
  [ROUTE 2791] GET query parser fn
  [ROUTE 2792] GET env
  [ROUTE 2793] GET json escape
  [ROUTE 2794] GET json replacer
  [ROUTE 2795] GET json spaces
  [ROUTE 2796] GET etag fn
  [ROUTE 2797] GET env
  [ROUTE 2798] GET json escape
  [ROUTE 2799] GET json replacer
  [ROUTE 2800] GET json spaces
  [ROUTE 2801] GET etag fn
  [ROUTE 2802] GET env
  [ROUTE 2803] GET env
  [ROUTE 2804] GET env
  [ROUTE 2805] GET json escape
  [ROUTE 2806] GET json replacer
  [ROUTE 2807] GET json spaces
  [ROUTE 2808] GET etag fn
  [ROUTE 2809] GET json escape
  [ROUTE 2810] GET json replacer
  [ROUTE 2811] GET json spaces
  [ROUTE 2812] GET etag fn
  [ROUTE 2813] GET json escape
  [ROUTE 2814] GET json replacer
  [ROUTE 2815] GET json spaces
  [ROUTE 2816] GET etag fn
  [ROUTE 2817] GET env
  [ROUTE 2818] GET env
  [ROUTE 2819] GET json escape
  [ROUTE 2820] GET json replacer
  [ROUTE 2821] GET json spaces
  [ROUTE 2822] GET etag fn
  [ROUTE 2823] GET json escape
  [ROUTE 2824] GET json replacer
  [ROUTE 2825] GET json spaces
  [ROUTE 2826] GET etag fn
  [ROUTE 2827] GET env
  [ROUTE 2828] GET query parser fn
  [ROUTE 2829] GET json escape
  [ROUTE 2830] GET json replacer
  [ROUTE 2831] GET json spaces
  [ROUTE 2832] GET etag fn
  [ROUTE 2833] GET env
  [ROUTE 2834] GET query parser fn
  [ROUTE 2835] GET json escape
  [ROUTE 2836] GET json replacer
  [ROUTE 2837] GET json spaces
  [ROUTE 2838] GET etag fn
  [ROUTE 2839] GET env
  [ROUTE 2840] GET query parser fn
  [ROUTE 2841] GET json escape
  [ROUTE 2842] GET json replacer
  [ROUTE 2843] GET json spaces
  [ROUTE 2844] GET etag fn
  [ROUTE 2845] GET env
  [ROUTE 2846] GET env
  [ROUTE 2847] GET env
  [ROUTE 2848] GET json escape
  [ROUTE 2849] GET json replacer
  [ROUTE 2850] GET json spaces
  [ROUTE 2851] GET etag fn
  [ROUTE 2852] GET json escape
  [ROUTE 2853] GET json replacer
  [ROUTE 2854] GET json spaces
  [ROUTE 2855] GET etag fn
  [ROUTE 2856] GET json escape
  [ROUTE 2857] GET json replacer
  [ROUTE 2858] GET json spaces
  [ROUTE 2859] GET etag fn
  [ROUTE 2860] GET env
  [ROUTE 2861] GET env
  [ROUTE 2862] GET json escape
  [ROUTE 2863] GET json replacer
  [ROUTE 2864] GET json spaces
  [ROUTE 2865] GET etag fn
  [ROUTE 2866] GET json escape
  [ROUTE 2867] GET json replacer
  [ROUTE 2868] GET json spaces
  [ROUTE 2869] GET etag fn
  [ROUTE 2870] GET env
  [ROUTE 2871] GET env
  [ROUTE 2872] GET env
  [ROUTE 2873] GET json escape
  [ROUTE 2874] GET json replacer
  [ROUTE 2875] GET json spaces
  [ROUTE 2876] GET etag fn
  [ROUTE 2877] GET json escape
  [ROUTE 2878] GET json replacer
  [ROUTE 2879] GET json spaces
  [ROUTE 2880] GET etag fn
  [ROUTE 2881] GET json escape
  [ROUTE 2882] GET json replacer
  [ROUTE 2883] GET json spaces
  [ROUTE 2884] GET etag fn
  [ROUTE 2885] GET env
  [ROUTE 2886] GET json escape
  [ROUTE 2887] GET json replacer
  [ROUTE 2888] GET json spaces
  [ROUTE 2889] GET etag fn
  [ROUTE 2890] GET env
  [ROUTE 2891] GET json escape
  [ROUTE 2892] GET json replacer
  [ROUTE 2893] GET json spaces
  [ROUTE 2894] GET etag fn
  [ROUTE 2895] GET env
  [ROUTE 2896] GET env
  [ROUTE 2897] GET env
  [ROUTE 2898] GET json escape
  [ROUTE 2899] GET json replacer
  [ROUTE 2900] GET json spaces
  [ROUTE 2901] GET etag fn
  [ROUTE 2902] GET json escape
  [ROUTE 2903] GET json replacer
  [ROUTE 2904] GET json spaces
  [ROUTE 2905] GET etag fn
  [ROUTE 2906] GET json escape
  [ROUTE 2907] GET json replacer
  [ROUTE 2908] GET json spaces
  [ROUTE 2909] GET etag fn
  [ROUTE 2910] GET env
  [ROUTE 2911] GET json escape
  [ROUTE 2912] GET json replacer
  [ROUTE 2913] GET json spaces
  [ROUTE 2914] GET etag fn
  [ROUTE 2915] GET env
  [ROUTE 2916] GET query parser fn
  [ROUTE 2917] GET query parser fn
  [ROUTE 2918] GET json escape
  [ROUTE 2919] GET json replacer
  [ROUTE 2920] GET json spaces
  [ROUTE 2921] GET etag fn
  [ROUTE 2922] GET env
  [ROUTE 2923] GET env
  [ROUTE 2924] GET json escape
  [ROUTE 2925] GET json replacer
  [ROUTE 2926] GET json spaces
  [ROUTE 2927] GET etag fn
  [ROUTE 2928] GET json escape
  [ROUTE 2929] GET json replacer
  [ROUTE 2930] GET json spaces
  [ROUTE 2931] GET etag fn
  [ROUTE 2932] GET env
  [ROUTE 2933] GET query parser fn
  [ROUTE 2934] GET json escape
  [ROUTE 2935] GET json replacer
  [ROUTE 2936] GET json spaces
  [ROUTE 2937] GET etag fn
  [ROUTE 2938] GET env
  [ROUTE 2939] GET query parser fn
  [ROUTE 2940] GET json escape
  [ROUTE 2941] GET json replacer
  [ROUTE 2942] GET json spaces
  [ROUTE 2943] GET etag fn
  [ROUTE 2944] GET env
  [ROUTE 2945] GET query parser fn
  [ROUTE 2946] GET json escape
  [ROUTE 2947] GET json replacer
  [ROUTE 2948] GET json spaces
  [ROUTE 2949] GET etag fn
  [ROUTE 2950] GET env
  [ROUTE 2951] GET json escape
  [ROUTE 2952] GET json replacer
  [ROUTE 2953] GET json spaces
  [ROUTE 2954] GET etag fn
  [ROUTE 2955] GET env
  [ROUTE 2956] GET json escape
  [ROUTE 2957] GET json replacer
  [ROUTE 2958] GET json spaces
  [ROUTE 2959] GET etag fn
  [ROUTE 2960] GET env
  [ROUTE 2961] GET json escape
  [ROUTE 2962] GET json replacer
  [ROUTE 2963] GET json spaces
  [ROUTE 2964] GET etag fn
  [ROUTE 2965] GET env
  [ROUTE 2966] GET env
  [ROUTE 2967] GET env
  [ROUTE 2968] GET json escape
  [ROUTE 2969] GET json replacer
  [ROUTE 2970] GET json spaces
  [ROUTE 2971] GET etag fn
  [ROUTE 2972] GET json escape
  [ROUTE 2973] GET json replacer
  [ROUTE 2974] GET json spaces
  [ROUTE 2975] GET etag fn
  [ROUTE 2976] GET env
  [ROUTE 2977] GET env
  [ROUTE 2978] GET env
  [ROUTE 2979] GET json escape
  [ROUTE 2980] GET json replacer
  [ROUTE 2981] GET json spaces
  [ROUTE 2982] GET etag fn
  [ROUTE 2983] GET query parser fn
  [ROUTE 2984] GET query parser fn
  [ROUTE 2985] GET json escape
  [ROUTE 2986] GET json replacer
  [ROUTE 2987] GET json spaces
  [ROUTE 2988] GET etag fn
  [ROUTE 2989] GET env
  [ROUTE 2990] GET query parser fn
  [ROUTE 2991] GET env
  [ROUTE 2992] GET json escape
  [ROUTE 2993] GET json replacer
  [ROUTE 2994] GET json spaces
  [ROUTE 2995] GET etag fn
  [ROUTE 2996] GET env
  [ROUTE 2997] GET env
  [ROUTE 2998] GET env
  [ROUTE 2999] GET env
  [ROUTE 3000] GET json escape
  [ROUTE 3001] GET json replacer
  [ROUTE 3002] GET json spaces
  [ROUTE 3003] GET etag fn
  [ROUTE 3004] GET json escape
  [ROUTE 3005] GET json replacer
  [ROUTE 3006] GET json spaces
  [ROUTE 3007] GET etag fn
  [ROUTE 3008] GET env
  [ROUTE 3009] GET env
  [ROUTE 3010] GET json escape
  [ROUTE 3011] GET json replacer
  [ROUTE 3012] GET json spaces
  [ROUTE 3013] GET etag fn
  [ROUTE 3014] GET json escape
  [ROUTE 3015] GET json replacer
  [ROUTE 3016] GET json spaces
  [ROUTE 3017] GET etag fn
  [ROUTE 3018] GET env
  [ROUTE 3019] GET query parser fn
  [ROUTE 3020] GET json escape
  [ROUTE 3021] GET json replacer
  [ROUTE 3022] GET json spaces
  [ROUTE 3023] GET etag fn
  [ROUTE 3024] GET env
  [ROUTE 3025] GET query parser fn
  [ROUTE 3026] GET json escape
  [ROUTE 3027] GET json replacer
  [ROUTE 3028] GET json spaces
  [ROUTE 3029] GET etag fn
  [ROUTE 3030] GET env
  [ROUTE 3031] GET query parser fn
  [ROUTE 3032] GET json escape
  [ROUTE 3033] GET json replacer
  [ROUTE 3034] GET json spaces
  [ROUTE 3035] GET etag fn
  [ROUTE 3036] GET env
  [ROUTE 3037] GET query parser fn
  [ROUTE 3038] GET json escape
  [ROUTE 3039] GET json replacer
  [ROUTE 3040] GET json spaces
  [ROUTE 3041] GET etag fn
  [ROUTE 3042] GET env
  [ROUTE 3043] GET env
  [ROUTE 3044] GET env
  [ROUTE 3045] GET json escape
  [ROUTE 3046] GET json replacer
  [ROUTE 3047] GET json spaces
  [ROUTE 3048] GET etag fn
  [ROUTE 3049] GET json escape
  [ROUTE 3050] GET json replacer
  [ROUTE 3051] GET json spaces
  [ROUTE 3052] GET etag fn
  [ROUTE 3053] GET json escape
  [ROUTE 3054] GET json replacer
  [ROUTE 3055] GET json spaces
  [ROUTE 3056] GET etag fn
  [ROUTE 3057] GET env
  [ROUTE 3058] GET env
  [ROUTE 3059] GET env
  [ROUTE 3060] GET json escape
  [ROUTE 3061] GET json replacer
  [ROUTE 3062] GET json spaces
  [ROUTE 3063] GET etag fn
  [ROUTE 3064] GET json escape
  [ROUTE 3065] GET json replacer
  [ROUTE 3066] GET json spaces
  [ROUTE 3067] GET etag fn
  [ROUTE 3068] GET env
  [ROUTE 3069] GET env
  [ROUTE 3070] GET env
  [ROUTE 3071] GET env
  [ROUTE 3072] GET query parser fn
  [ROUTE 3073] GET query parser fn
  [ROUTE 3074] GET json escape
  [ROUTE 3075] GET json replacer
  [ROUTE 3076] GET json spaces
  [ROUTE 3077] GET etag fn
  [ROUTE 3078] GET json escape
  [ROUTE 3079] GET json replacer
  [ROUTE 3080] GET json spaces
  [ROUTE 3081] GET etag fn
  [ROUTE 3082] GET env
  [ROUTE 3083] GET query parser fn
  [ROUTE 3084] GET env
  [ROUTE 3085] GET json escape
  [ROUTE 3086] GET json replacer
  [ROUTE 3087] GET json spaces
  [ROUTE 3088] GET etag fn
  [ROUTE 3089] GET env
  [ROUTE 3090] GET query parser fn
  [ROUTE 3091] GET query parser fn
  [ROUTE 3092] GET json escape
  [ROUTE 3093] GET json replacer
  [ROUTE 3094] GET json spaces
  [ROUTE 3095] GET etag fn
  [ROUTE 3096] GET env
  [ROUTE 3097] GET json escape
  [ROUTE 3098] GET json replacer
  [ROUTE 3099] GET json spaces
  [ROUTE 3100] GET etag fn
  [ROUTE 3101] GET env
  [ROUTE 3102] GET json escape
  [ROUTE 3103] GET json replacer
  [ROUTE 3104] GET json spaces
  [ROUTE 3105] GET etag fn
  [ROUTE 3106] GET env
  [ROUTE 3107] GET query parser fn
  [ROUTE 3108] GET json escape
  [ROUTE 3109] GET json replacer
  [ROUTE 3110] GET json spaces
  [ROUTE 3111] GET etag fn
  [ROUTE 3112] GET env
  [ROUTE 3113] GET query parser fn
  [ROUTE 3114] GET json escape
  [ROUTE 3115] GET json replacer
  [ROUTE 3116] GET json spaces
  [ROUTE 3117] GET etag fn
  [ROUTE 3118] GET env
  [ROUTE 3119] GET query parser fn
  [ROUTE 3120] GET json escape
  [ROUTE 3121] GET json replacer
  [ROUTE 3122] GET json spaces
  [ROUTE 3123] GET etag fn
  [ROUTE 3124] GET env
  [ROUTE 3125] GET json escape
  [ROUTE 3126] GET json replacer
  [ROUTE 3127] GET json spaces
  [ROUTE 3128] GET etag fn
  [ROUTE 3129] GET env
  [ROUTE 3130] GET env
  [ROUTE 3131] GET json escape
  [ROUTE 3132] GET json replacer
  [ROUTE 3133] GET json spaces
  [ROUTE 3134] GET etag fn
  [ROUTE 3135] GET json escape
  [ROUTE 3136] GET json replacer
  [ROUTE 3137] GET json spaces
  [ROUTE 3138] GET etag fn
  [ROUTE 3139] GET env
  [ROUTE 3140] GET env
  [ROUTE 3141] GET env
  [ROUTE 3142] GET json escape
  [ROUTE 3143] GET json replacer
  [ROUTE 3144] GET json spaces
  [ROUTE 3145] GET etag fn
  [ROUTE 3146] GET json escape
  [ROUTE 3147] GET json replacer
  [ROUTE 3148] GET json spaces
  [ROUTE 3149] GET etag fn
  [ROUTE 3150] GET env
  [ROUTE 3151] GET env
  [ROUTE 3152] GET env
  [ROUTE 3153] GET env
  [ROUTE 3154] GET json escape
  [ROUTE 3155] GET json replacer
  [ROUTE 3156] GET json spaces
  [ROUTE 3157] GET etag fn
  [ROUTE 3158] GET query parser fn
  [ROUTE 3159] GET query parser fn
  [ROUTE 3160] GET json escape
  [ROUTE 3161] GET json replacer
  [ROUTE 3162] GET json spaces
  [ROUTE 3163] GET etag fn
  [ROUTE 3164] GET env
  [ROUTE 3165] GET query parser fn
  [ROUTE 3166] GET env
  [ROUTE 3167] GET json escape
  [ROUTE 3168] GET json replacer
  [ROUTE 3169] GET json spaces
  [ROUTE 3170] GET etag fn
  [ROUTE 3171] GET env
  [ROUTE 3172] GET json escape
  [ROUTE 3173] GET json replacer
  [ROUTE 3174] GET json spaces
  [ROUTE 3175] GET etag fn
  [ROUTE 3176] GET env
  [ROUTE 3177] GET json escape
  [ROUTE 3178] GET json replacer
  [ROUTE 3179] GET json spaces
  [ROUTE 3180] GET etag fn
  [ROUTE 3181] GET env
  [ROUTE 3182] GET json escape
  [ROUTE 3183] GET json replacer
  [ROUTE 3184] GET json spaces
  [ROUTE 3185] GET etag fn
  [ROUTE 3186] GET env
  [ROUTE 3187] GET json escape
  [ROUTE 3188] GET json replacer
  [ROUTE 3189] GET json spaces
  [ROUTE 3190] GET etag fn
  [ROUTE 3191] GET env
  [ROUTE 3192] GET env
  [ROUTE 3193] GET json escape
  [ROUTE 3194] GET json replacer
  [ROUTE 3195] GET json spaces
  [ROUTE 3196] GET etag fn
  [ROUTE 3197] GET json escape
  [ROUTE 3198] GET json replacer
  [ROUTE 3199] GET json spaces
  [ROUTE 3200] GET etag fn
  [ROUTE 3201] GET env
  [ROUTE 3202] GET json escape
  [ROUTE 3203] GET json replacer
  [ROUTE 3204] GET json spaces
  [ROUTE 3205] GET etag fn
  [ROUTE 3206] GET env
  [ROUTE 3207] GET env
  [ROUTE 3208] GET json escape
  [ROUTE 3209] GET json replacer
  [ROUTE 3210] GET json spaces
  [ROUTE 3211] GET etag fn
  [ROUTE 3212] GET json escape
  [ROUTE 3213] GET json replacer
  [ROUTE 3214] GET json spaces
  [ROUTE 3215] GET etag fn
